#! c:/iverilog-x64/bin/vvp
:ivl_version "10.1 (stable)" "(v10_1_1)";
:ivl_delay_selection "TYPICAL";
:vpi_time_precision + 0;
:vpi_module "system";
:vpi_module "vhdl_sys";
:vpi_module "v2005_math";
:vpi_module "va_math";
:vpi_module "v2009";
S_000000000086ab20 .scope function, "add" "add" 2 43;
 .timescale 0 0;
v00000000008a5d40_0 .var "a", 31 0;
v00000000008a6880_0 .var "add", 31 0;
v00000000008a5a20_0 .var "b", 31 0;
TD_add ;
    %load/vec4 v00000000008a5d40_0;
    %parti/s 1, 31, 6;
    %load/vec4 v00000000008a5a20_0;
    %parti/s 1, 31, 6;
    %cmp/e;
    %jmp/0xz  T_0.0, 4;
    %load/vec4 v00000000008a5d40_0;
    %parti/s 31, 0, 2;
    %load/vec4 v00000000008a5a20_0;
    %parti/s 31, 0, 2;
    %add;
    %ix/load 4, 0, 0;
    %flag_set/imm 4, 0;
    %store/vec4 v00000000008a6880_0, 4, 31;
    %load/vec4 v00000000008a5d40_0;
    %parti/s 1, 31, 6;
    %ix/load 4, 31, 0;
    %flag_set/imm 4, 0;
    %store/vec4 v00000000008a6880_0, 4, 1;
    %jmp T_0.1;
T_0.0 ;
    %load/vec4 v00000000008a5d40_0;
    %parti/s 1, 31, 6;
    %pad/u 32;
    %pushi/vec4 0, 0, 32;
    %cmp/e;
    %flag_get/vec4 4;
    %load/vec4 v00000000008a5a20_0;
    %parti/s 1, 31, 6;
    %pad/u 32;
    %pushi/vec4 1, 0, 32;
    %cmp/e;
    %flag_get/vec4 4;
    %and;
    %flag_set/vec4 8;
    %jmp/0xz  T_0.2, 8;
    %load/vec4 v00000000008a5a20_0;
    %parti/s 31, 0, 2;
    %load/vec4 v00000000008a5d40_0;
    %parti/s 31, 0, 2;
    %cmp/u;
    %jmp/0xz  T_0.4, 5;
    %load/vec4 v00000000008a5d40_0;
    %parti/s 31, 0, 2;
    %load/vec4 v00000000008a5a20_0;
    %parti/s 31, 0, 2;
    %sub;
    %ix/load 4, 0, 0;
    %flag_set/imm 4, 0;
    %store/vec4 v00000000008a6880_0, 4, 31;
    %pushi/vec4 0, 0, 1;
    %ix/load 4, 31, 0;
    %flag_set/imm 4, 0;
    %store/vec4 v00000000008a6880_0, 4, 1;
    %jmp T_0.5;
T_0.4 ;
    %load/vec4 v00000000008a5a20_0;
    %parti/s 31, 0, 2;
    %load/vec4 v00000000008a5d40_0;
    %parti/s 31, 0, 2;
    %sub;
    %ix/load 4, 0, 0;
    %flag_set/imm 4, 0;
    %store/vec4 v00000000008a6880_0, 4, 31;
    %load/vec4 v00000000008a6880_0;
    %parti/s 31, 0, 2;
    %pad/u 32;
    %cmpi/e 0, 0, 32;
    %jmp/0xz  T_0.6, 4;
    %pushi/vec4 0, 0, 1;
    %ix/load 4, 31, 0;
    %flag_set/imm 4, 0;
    %store/vec4 v00000000008a6880_0, 4, 1;
    %jmp T_0.7;
T_0.6 ;
    %pushi/vec4 1, 0, 1;
    %ix/load 4, 31, 0;
    %flag_set/imm 4, 0;
    %store/vec4 v00000000008a6880_0, 4, 1;
T_0.7 ;
T_0.5 ;
    %jmp T_0.3;
T_0.2 ;
    %load/vec4 v00000000008a5a20_0;
    %parti/s 31, 0, 2;
    %load/vec4 v00000000008a5d40_0;
    %parti/s 31, 0, 2;
    %cmp/u;
    %jmp/0xz  T_0.8, 5;
    %load/vec4 v00000000008a5d40_0;
    %parti/s 31, 0, 2;
    %load/vec4 v00000000008a5a20_0;
    %parti/s 31, 0, 2;
    %sub;
    %ix/load 4, 0, 0;
    %flag_set/imm 4, 0;
    %store/vec4 v00000000008a6880_0, 4, 31;
    %load/vec4 v00000000008a6880_0;
    %parti/s 31, 0, 2;
    %pad/u 32;
    %cmpi/e 0, 0, 32;
    %jmp/0xz  T_0.10, 4;
    %pushi/vec4 0, 0, 1;
    %ix/load 4, 31, 0;
    %flag_set/imm 4, 0;
    %store/vec4 v00000000008a6880_0, 4, 1;
    %jmp T_0.11;
T_0.10 ;
    %pushi/vec4 1, 0, 1;
    %ix/load 4, 31, 0;
    %flag_set/imm 4, 0;
    %store/vec4 v00000000008a6880_0, 4, 1;
T_0.11 ;
    %jmp T_0.9;
T_0.8 ;
    %load/vec4 v00000000008a5a20_0;
    %parti/s 31, 0, 2;
    %load/vec4 v00000000008a5d40_0;
    %parti/s 31, 0, 2;
    %sub;
    %ix/load 4, 0, 0;
    %flag_set/imm 4, 0;
    %store/vec4 v00000000008a6880_0, 4, 31;
    %pushi/vec4 0, 0, 1;
    %ix/load 4, 31, 0;
    %flag_set/imm 4, 0;
    %store/vec4 v00000000008a6880_0, 4, 1;
T_0.9 ;
T_0.3 ;
T_0.1 ;
    %end;
S_00000000008dca30 .scope function, "div" "div" 2 7;
 .timescale 0 0;
v00000000008a5480_0 .var "div", 31 0;
v00000000008a6560_0 .var "dividend", 31 0;
v00000000008a5e80_0 .var "divisor", 31 0;
v00000000008a5fc0_0 .var/i "i", 31 0;
v00000000008a49e0_0 .var "scl_divd", 31 0;
v00000000008a4d00_0 .var "temp", 31 0;
TD_div ;
    %pushi/vec4 0, 0, 32;
    %store/vec4 v00000000008a4d00_0, 0, 32;
    %pushi/vec4 0, 0, 32;
    %store/vec4 v00000000008a5480_0, 0, 32;
    %load/vec4 v00000000008a6560_0;
    %ix/load 4, 15, 0;
    %flag_set/imm 4, 0;
    %shiftl 4;
    %store/vec4 v00000000008a49e0_0, 0, 32;
    %pushi/vec4 0, 0, 32;
    %store/vec4 v00000000008a5fc0_0, 0, 32;
T_1.12 ;
    %load/vec4 v00000000008a5fc0_0;
    %cmpi/s 31, 0, 32;
    %jmp/0xz T_1.13, 5;
    %load/vec4 v00000000008a4d00_0;
    %ix/load 4, 1, 0;
    %flag_set/imm 4, 0;
    %shiftl 4;
    %store/vec4 v00000000008a4d00_0, 0, 32;
    %load/vec4 v00000000008a49e0_0;
    %pushi/vec4 30, 0, 32;
    %load/vec4 v00000000008a5fc0_0;
    %sub;
    %part/s 1;
    %ix/load 4, 0, 0;
    %flag_set/imm 4, 0;
    %store/vec4 v00000000008a4d00_0, 4, 1;
    %load/vec4 v00000000008a5480_0;
    %ix/load 4, 1, 0;
    %flag_set/imm 4, 0;
    %shiftl 4;
    %store/vec4 v00000000008a5480_0, 0, 32;
    %load/vec4 v00000000008a4d00_0;
    %load/vec4 v00000000008a5e80_0;
    %sub;
    %store/vec4 v00000000008a4d00_0, 0, 32;
    %load/vec4 v00000000008a4d00_0;
    %parti/s 1, 31, 6;
    %pad/u 32;
    %cmpi/e 1, 0, 32;
    %jmp/0xz  T_1.14, 4;
    %pushi/vec4 0, 0, 1;
    %ix/load 4, 0, 0;
    %flag_set/imm 4, 0;
    %store/vec4 v00000000008a5480_0, 4, 1;
    %load/vec4 v00000000008a4d00_0;
    %load/vec4 v00000000008a5e80_0;
    %add;
    %store/vec4 v00000000008a4d00_0, 0, 32;
    %jmp T_1.15;
T_1.14 ;
    %pushi/vec4 1, 0, 1;
    %ix/load 4, 0, 0;
    %flag_set/imm 4, 0;
    %store/vec4 v00000000008a5480_0, 4, 1;
T_1.15 ;
    %load/vec4 v00000000008a5fc0_0;
    %addi 1, 0, 32;
    %store/vec4 v00000000008a5fc0_0, 0, 32;
    %jmp T_1.12;
T_1.13 ;
    %load/vec4 v00000000008a6560_0;
    %parti/s 1, 31, 6;
    %load/vec4 v00000000008a5e80_0;
    %parti/s 1, 31, 6;
    %xor;
    %ix/load 4, 31, 0;
    %flag_set/imm 4, 0;
    %store/vec4 v00000000008a5480_0, 4, 1;
    %end;
S_0000000000894f60 .scope function, "mult" "mult" 2 32;
 .timescale 0 0;
v00000000008a52a0_0 .var "i_multiplicand", 31 0;
v00000000008a5f20_0 .var "i_multiplier", 31 0;
v00000000008a6060_0 .var "mult", 31 0;
v00000000008a62e0_0 .var "r_result", 63 0;
TD_mult ;
    %load/vec4 v00000000008a52a0_0;
    %parti/s 31, 0, 2;
    %pad/u 64;
    %load/vec4 v00000000008a5f20_0;
    %parti/s 31, 0, 2;
    %pad/u 64;
    %mul;
    %store/vec4 v00000000008a62e0_0, 0, 64;
    %load/vec4 v00000000008a5f20_0;
    %parti/s 1, 31, 6;
    %load/vec4 v00000000008a52a0_0;
    %parti/s 1, 31, 6;
    %xor;
    %ix/load 4, 31, 0;
    %flag_set/imm 4, 0;
    %store/vec4 v00000000008a6060_0, 4, 1;
    %load/vec4 v00000000008a62e0_0;
    %parti/s 31, 15, 5;
    %ix/load 4, 0, 0;
    %flag_set/imm 4, 0;
    %store/vec4 v00000000008a6060_0, 4, 31;
    %end;
S_00000000008950e0 .scope module, "fc_tb" "fc_tb" 3 3;
 .timescale 0 0;
P_0000000000881290 .param/l "BP_REC" 0 3 86, +C4<00000000000000000000000000000101>;
P_00000000008812c8 .param/l "BP_SEND" 0 3 85, +C4<00000000000000000000000000000100>;
P_0000000000881300 .param/l "FW_REC" 0 3 83, +C4<00000000000000000000000000000010>;
P_0000000000881338 .param/l "FW_SEND" 0 3 82, +C4<00000000000000000000000000000001>;
P_0000000000881370 .param/l "LOAD_IMAGE" 0 3 81, +C4<00000000000000000000000000000000>;
P_00000000008813a8 .param/l "UART_FW" 0 3 84, +C4<00000000000000000000000000000011>;
v0000000002242dc0 .array "all_outs", 0 9, 31 0;
v00000000022437c0_0 .var/i "bound", 31 0;
v0000000002242320_0 .var "clk", 0 0;
v0000000002242500_0 .net "error_addr", 9 0, v00000000008a4da0_0;  1 drivers
v0000000002243680_0 .net "error_idata", 31 0, v00000000008a4e40_0;  1 drivers
v0000000002242fa0_0 .net "error_odata", 31 0, v00000000008a6420_0;  1 drivers
v0000000002242c80_0 .net "error_rst", 0 0, v00000000008a55c0_0;  1 drivers
v0000000002241d80_0 .net "error_we", 0 0, v00000000008a58e0_0;  1 drivers
v0000000002243860_0 .var "fc_in_idx", 9 0;
v0000000002241e20_0 .var "fc_input", 31 0;
v0000000002242780_0 .net "fc_out_idx", 9 0, v00000000008a2750_0;  1 drivers
v0000000002243360_0 .net "fc_output", 31 0, v00000000008a1a30_0;  1 drivers
v0000000002242e60_0 .var "forward", 0 0;
v0000000002243400_0 .var "image_addr", 9 0;
v0000000002242f00_0 .var "image_idata", 31 0;
v0000000002242d20_0 .net "image_odata", 31 0, v000000000090b390_0;  1 drivers
v0000000002243a40_0 .var "image_we", 0 0;
v00000000022428c0_0 .net "in_rdy", 0 0, L_0000000000879270;  1 drivers
v0000000002243180_0 .var "in_valid", 0 0;
v00000000022423c0_0 .net "lastin_addr", 9 0, v000000000090b070_0;  1 drivers
v0000000002242960_0 .net "lastin_idata", 31 0, v000000000090cdd0_0;  1 drivers
v0000000002243040_0 .net "lastin_odata", 31 0, v000000000090c970_0;  1 drivers
v0000000002243540_0 .net "lastin_rst", 0 0, v000000000090b9d0_0;  1 drivers
v00000000022434a0_0 .net "lastin_we", 0 0, v000000000090ba70_0;  1 drivers
v00000000022426e0_0 .var "load_weights", 0 0;
v0000000002243900_0 .var "mem_valid", 0 0;
v00000000022439a0_0 .net "o_val_addr", 3 0, v000000000090b110_0;  1 drivers
v00000000022430e0_0 .net "o_val_idata", 31 0, v000000000090cf10_0;  1 drivers
v0000000002243220_0 .net "o_val_odata", 31 0, v000000000090bed0_0;  1 drivers
v00000000022432c0_0 .net "o_val_rst", 0 0, v000000000090bcf0_0;  1 drivers
v0000000002241c40_0 .net "o_val_we", 0 0, v000000000090c3d0_0;  1 drivers
v0000000002243ae0_0 .var "out_rdy", 0 0;
v0000000002241ec0_0 .net "out_valid", 0 0, v000000000090c1f0_0;  1 drivers
v0000000002241ce0_0 .var "state", 2 0;
v00000000022425a0_0 .net "wt_addr", 13 0, v000000000090c5b0_0;  1 drivers
v0000000002241f60_0 .net "wt_idata", 31 0, v000000000090b570_0;  1 drivers
v0000000002242000_0 .net "wt_odata", 31 0, v00000000022435e0_0;  1 drivers
v00000000022420a0_0 .net "wt_we", 0 0, v000000000090c150_0;  1 drivers
S_0000000000860ec0 .scope module, "error_val" "ice_ram" 3 57, 4 1 0, S_00000000008950e0;
 .timescale 0 0;
    .port_info 0 /INPUT 1 "clk"
    .port_info 1 /INPUT 1 "we"
    .port_info 2 /INPUT 1 "rst"
    .port_info 3 /INPUT 10 "addr"
    .port_info 4 /INPUT 32 "din"
    .port_info 5 /OUTPUT 32 "dout"
P_0000000000895260 .param/l "addr_width" 0 4 2, +C4<00000000000000000000000000001010>;
P_0000000000895298 .param/l "data_width" 0 4 3, +C4<00000000000000000000000000100000>;
P_00000000008952d0 .param/str "init_file" 0 4 4, "\000";
P_0000000000895308 .param/l "mem_size" 1 4 15, +C4<000000000000000000000000000000010000000000>;
v00000000008a5b60_0 .net "addr", 9 0, v00000000008a4da0_0;  alias, 1 drivers
v00000000008a5c00_0 .net "clk", 0 0, v0000000002242320_0;  1 drivers
v00000000008a61a0_0 .net "din", 31 0, v00000000008a4e40_0;  alias, 1 drivers
v00000000008a6420_0 .var "dout", 31 0;
v00000000008a6600_0 .var/i "i", 31 0;
v00000000008a5ac0 .array "mem", 0 1023, 31 0;
v00000000008a6380_0 .net "rst", 0 0, v00000000008a55c0_0;  alias, 1 drivers
v00000000008a5340_0 .net "we", 0 0, v00000000008a58e0_0;  alias, 1 drivers
E_00000000008d2e40 .event posedge, v00000000008a5c00_0;
S_0000000000861040 .scope module, "fc_layer" "fc" 3 94, 5 3 0, S_00000000008950e0;
 .timescale 0 0;
    .port_info 0 /INPUT 1 "clk"
    .port_info 1 /INPUT 1 "out_rdy"
    .port_info 2 /INPUT 1 "in_valid"
    .port_info 3 /INPUT 1 "forward"
    .port_info 4 /INPUT 1 "load_weights"
    .port_info 5 /INPUT 32 "fc_input"
    .port_info 6 /INPUT 10 "fc_input_idx"
    .port_info 7 /INPUT 10 "fc_input_idx2"
    .port_info 8 /OUTPUT 1 "in_rdy"
    .port_info 9 /OUTPUT 1 "out_valid"
    .port_info 10 /OUTPUT 32 "fc_output"
    .port_info 11 /OUTPUT 10 "fc_output_idx"
    .port_info 12 /OUTPUT 1 "wt_we"
    .port_info 13 /OUTPUT 14 "wt_addr"
    .port_info 14 /OUTPUT 32 "wt_idata"
    .port_info 15 /INPUT 32 "wt_odata"
    .port_info 16 /OUTPUT 1 "o_val_rst"
    .port_info 17 /OUTPUT 1 "o_val_we"
    .port_info 18 /OUTPUT 4 "o_val_addr"
    .port_info 19 /OUTPUT 32 "o_val_idata"
    .port_info 20 /INPUT 32 "o_val_odata"
    .port_info 21 /OUTPUT 1 "lastin_rst"
    .port_info 22 /OUTPUT 1 "lastin_we"
    .port_info 23 /OUTPUT 10 "lastin_addr"
    .port_info 24 /OUTPUT 32 "lastin_idata"
    .port_info 25 /INPUT 32 "lastin_odata"
    .port_info 26 /OUTPUT 1 "error_rst"
    .port_info 27 /OUTPUT 1 "error_we"
    .port_info 28 /OUTPUT 10 "error_addr"
    .port_info 29 /OUTPUT 32 "error_idata"
    .port_info 30 /INPUT 32 "error_odata"
P_0000000002240090 .param/l "BP_COMP" 0 5 61, +C4<00000000000000000000000000000100>;
P_00000000022400c8 .param/l "BP_REC" 0 5 60, +C4<00000000000000000000000000000011>;
P_0000000002240100 .param/l "BP_SEND" 0 5 62, +C4<00000000000000000000000000000101>;
P_0000000002240138 .param/l "FW_COMP" 0 5 58, +C4<00000000000000000000000000000001>;
P_0000000002240170 .param/l "FW_REC" 0 5 57, +C4<00000000000000000000000000000000>;
P_00000000022401a8 .param/l "FW_SEND" 0 5 59, +C4<00000000000000000000000000000010>;
P_00000000022401e0 .param/l "IDX_WIDTH" 0 5 5, +C4<00000000000000000000000000001010>;
P_0000000002240218 .param/l "INPUT_WIDTH" 0 5 4, +C4<00000000000000000000010000000000>;
P_0000000002240250 .param/l "IN_ADDR_WIDTH" 0 5 7, +C4<00000000000000000000000000001010>;
P_0000000002240288 .param/l "OUTPUT_WIDTH" 0 5 6, +C4<00000000000000000000000000001010>;
P_00000000022402c0 .param/l "O_ADDR_WIDTH" 0 5 8, +C4<00000000000000000000000000000100>;
L_0000000000879270 .functor OR 1, L_0000000002242640, L_0000000002242b40, C4<0>, C4<0>;
v00000000008a5520_0 .net *"_s0", 31 0, L_0000000002242140;  1 drivers
L_0000000002244048 .functor BUFT 1, C4<00000000000000000000000000000>, C4<0>, C4<0>, C4<0>;
v00000000008a6740_0 .net *"_s11", 28 0, L_0000000002244048;  1 drivers
L_0000000002244090 .functor BUFT 1, C4<00000000000000000000000000000011>, C4<0>, C4<0>, C4<0>;
v00000000008a5840_0 .net/2u *"_s12", 31 0, L_0000000002244090;  1 drivers
v00000000008a6100_0 .net *"_s14", 0 0, L_0000000002242b40;  1 drivers
L_0000000002243fb8 .functor BUFT 1, C4<00000000000000000000000000000>, C4<0>, C4<0>, C4<0>;
v00000000008a67e0_0 .net *"_s3", 28 0, L_0000000002243fb8;  1 drivers
L_0000000002244000 .functor BUFT 1, C4<00000000000000000000000000000000>, C4<0>, C4<0>, C4<0>;
v00000000008a4a80_0 .net/2u *"_s4", 31 0, L_0000000002244000;  1 drivers
v00000000008a53e0_0 .net *"_s6", 0 0, L_0000000002242640;  1 drivers
v00000000008a4b20_0 .net *"_s8", 31 0, L_0000000002242aa0;  1 drivers
v00000000008a4bc0_0 .net "clk", 0 0, v0000000002242320_0;  alias, 1 drivers
v00000000008a4da0_0 .var "error_addr", 9 0;
v00000000008a4e40_0 .var "error_idata", 31 0;
v00000000008a4ee0_0 .net "error_odata", 31 0, v00000000008a6420_0;  alias, 1 drivers
v00000000008a55c0_0 .var "error_rst", 0 0;
v00000000008a58e0_0 .var "error_we", 0 0;
v00000000008a5660_0 .var "fc_in_val", 31 0;
v00000000008a5700_0 .net "fc_input", 31 0, v0000000002241e20_0;  1 drivers
v00000000008a57a0_0 .net "fc_input_idx", 9 0, v0000000002243860_0;  1 drivers
o0000000002210778 .functor BUFZ 10, C4<zzzzzzzzzz>; HiZ drive
v00000000008a5980_0 .net "fc_input_idx2", 9 0, o0000000002210778;  0 drivers
v00000000008a1a30_0 .var "fc_output", 31 0;
v00000000008a2750_0 .var "fc_output_idx", 9 0;
v00000000008a1d50_0 .net "forward", 0 0, v0000000002242e60_0;  1 drivers
v00000000008a1df0_0 .net "in_rdy", 0 0, L_0000000000879270;  alias, 1 drivers
v000000000090cb50_0 .net "in_valid", 0 0, v0000000002243180_0;  1 drivers
v000000000090b250_0 .var "last_input_idx", 9 0;
v000000000090b070_0 .var "lastin_addr", 9 0;
v000000000090cdd0_0 .var "lastin_idata", 31 0;
v000000000090c290_0 .net "lastin_odata", 31 0, v000000000090c970_0;  alias, 1 drivers
v000000000090b9d0_0 .var "lastin_rst", 0 0;
v000000000090ba70_0 .var "lastin_we", 0 0;
v000000000090be30_0 .net "load_weights", 0 0, v00000000022426e0_0;  1 drivers
v000000000090cd30_0 .var "mem_valid", 0 0;
v000000000090b110_0 .var "o_val_addr", 3 0;
v000000000090cf10_0 .var "o_val_idata", 31 0;
v000000000090bb10_0 .net "o_val_odata", 31 0, v000000000090bed0_0;  alias, 1 drivers
v000000000090bcf0_0 .var "o_val_rst", 0 0;
v000000000090c3d0_0 .var "o_val_we", 0 0;
v000000000090cab0_0 .net "out_rdy", 0 0, v0000000002243ae0_0;  1 drivers
v000000000090c1f0_0 .var "out_valid", 0 0;
v000000000090ce70_0 .var "state", 2 0;
v000000000090c5b0_0 .var "wt_addr", 13 0;
v000000000090b570_0 .var "wt_idata", 31 0;
v000000000090b930_0 .net "wt_odata", 31 0, v00000000022435e0_0;  alias, 1 drivers
v000000000090c150_0 .var "wt_we", 0 0;
L_0000000002242140 .concat [ 3 29 0 0], v000000000090ce70_0, L_0000000002243fb8;
L_0000000002242640 .cmp/eq 32, L_0000000002242140, L_0000000002244000;
L_0000000002242aa0 .concat [ 3 29 0 0], v000000000090ce70_0, L_0000000002244048;
L_0000000002242b40 .cmp/eq 32, L_0000000002242aa0, L_0000000002244090;
S_0000000002241320 .scope module, "image" "ice_ram" 3 72, 4 1 0, S_00000000008950e0;
 .timescale 0 0;
    .port_info 0 /INPUT 1 "clk"
    .port_info 1 /INPUT 1 "we"
    .port_info 2 /INPUT 1 "rst"
    .port_info 3 /INPUT 10 "addr"
    .port_info 4 /INPUT 32 "din"
    .port_info 5 /OUTPUT 32 "dout"
P_00000000008c9770 .param/l "addr_width" 0 4 2, +C4<00000000000000000000000000001010>;
P_00000000008c97a8 .param/l "data_width" 0 4 3, +C4<00000000000000000000000000100000>;
P_00000000008c97e0 .param/str "init_file" 0 4 4, "fc/image.dat";
P_00000000008c9818 .param/l "mem_size" 1 4 15, +C4<000000000000000000000000000000010000000000>;
v000000000090cbf0_0 .net "addr", 9 0, v0000000002243400_0;  1 drivers
v000000000090b430_0 .net "clk", 0 0, v0000000002242320_0;  alias, 1 drivers
v000000000090ca10_0 .net "din", 31 0, v0000000002242f00_0;  1 drivers
v000000000090b390_0 .var "dout", 31 0;
v000000000090b750_0 .var/i "i", 31 0;
v000000000090cc90 .array "mem", 0 1023, 31 0;
v000000000090b1b0_0 .var/i "open_file", 31 0;
L_0000000002243f70 .functor BUFT 1, C4<0>, C4<0>, C4<0>, C4<0>;
v000000000090b2f0_0 .net "rst", 0 0, L_0000000002243f70;  1 drivers
v000000000090c330_0 .var/i "scan_ret", 31 0;
v000000000090b890_0 .net "we", 0 0, v0000000002243a40_0;  1 drivers
S_00000000022414a0 .scope module, "last_input" "ice_ram" 3 44, 4 1 0, S_00000000008950e0;
 .timescale 0 0;
    .port_info 0 /INPUT 1 "clk"
    .port_info 1 /INPUT 1 "we"
    .port_info 2 /INPUT 1 "rst"
    .port_info 3 /INPUT 10 "addr"
    .port_info 4 /INPUT 32 "din"
    .port_info 5 /OUTPUT 32 "dout"
P_0000000002241620 .param/l "addr_width" 0 4 2, +C4<00000000000000000000000000001010>;
P_0000000002241658 .param/l "data_width" 0 4 3, +C4<00000000000000000000000000100000>;
P_0000000002241690 .param/str "init_file" 0 4 4, "\000";
P_00000000022416c8 .param/l "mem_size" 1 4 15, +C4<000000000000000000000000000000010000000000>;
v000000000090b7f0_0 .net "addr", 9 0, v000000000090b070_0;  alias, 1 drivers
v000000000090c790_0 .net "clk", 0 0, v0000000002242320_0;  alias, 1 drivers
v000000000090b4d0_0 .net "din", 31 0, v000000000090cdd0_0;  alias, 1 drivers
v000000000090c970_0 .var "dout", 31 0;
v000000000090c650_0 .var/i "i", 31 0;
v000000000090b610 .array "mem", 0 1023, 31 0;
v000000000090bf70_0 .net "rst", 0 0, v000000000090b9d0_0;  alias, 1 drivers
v000000000090bbb0_0 .net "we", 0 0, v000000000090ba70_0;  alias, 1 drivers
S_0000000002241710 .scope module, "output_val" "ice_ram" 3 31, 4 1 0, S_00000000008950e0;
 .timescale 0 0;
    .port_info 0 /INPUT 1 "clk"
    .port_info 1 /INPUT 1 "we"
    .port_info 2 /INPUT 1 "rst"
    .port_info 3 /INPUT 4 "addr"
    .port_info 4 /INPUT 32 "din"
    .port_info 5 /OUTPUT 32 "dout"
P_0000000002241890 .param/l "addr_width" 0 4 2, +C4<00000000000000000000000000000100>;
P_00000000022418c8 .param/l "data_width" 0 4 3, +C4<00000000000000000000000000100000>;
P_0000000002241900 .param/str "init_file" 0 4 4, "\000";
P_0000000002241938 .param/l "mem_size" 1 4 15, +C4<000000000000000000000000000000010000>;
v000000000090b6b0_0 .net "addr", 3 0, v000000000090b110_0;  alias, 1 drivers
v000000000090bc50_0 .net "clk", 0 0, v0000000002242320_0;  alias, 1 drivers
v000000000090bd90_0 .net "din", 31 0, v000000000090cf10_0;  alias, 1 drivers
v000000000090bed0_0 .var "dout", 31 0;
v000000000090c010_0 .var/i "i", 31 0;
v000000000090c6f0 .array "mem", 0 15, 31 0;
v000000000090c0b0_0 .net "rst", 0 0, v000000000090bcf0_0;  alias, 1 drivers
v000000000090c510_0 .net "we", 0 0, v000000000090c3d0_0;  alias, 1 drivers
S_0000000002241980 .scope module, "weights" "ice_ram" 3 18, 4 1 0, S_00000000008950e0;
 .timescale 0 0;
    .port_info 0 /INPUT 1 "clk"
    .port_info 1 /INPUT 1 "we"
    .port_info 2 /INPUT 1 "rst"
    .port_info 3 /INPUT 14 "addr"
    .port_info 4 /INPUT 32 "din"
    .port_info 5 /OUTPUT 32 "dout"
P_0000000002241b00 .param/l "addr_width" 0 4 2, +C4<00000000000000000000000000001110>;
P_0000000002241b38 .param/l "data_width" 0 4 3, +C4<00000000000000000000000000100000>;
P_0000000002241b70 .param/str "init_file" 0 4 4, "fc/weights.dat";
P_0000000002241ba8 .param/l "mem_size" 1 4 15, +C4<0000000000000000000000000000000100000000000000>;
v000000000090c470_0 .net "addr", 13 0, v000000000090c5b0_0;  alias, 1 drivers
v000000000090c830_0 .net "clk", 0 0, v0000000002242320_0;  alias, 1 drivers
v000000000090c8d0_0 .net "din", 31 0, v000000000090b570_0;  alias, 1 drivers
v00000000022435e0_0 .var "dout", 31 0;
v0000000002242820_0 .var/i "i", 31 0;
v0000000002242a00 .array "mem", 0 16383, 31 0;
v00000000022421e0_0 .var/i "open_file", 31 0;
L_0000000002243f28 .functor BUFT 1, C4<0>, C4<0>, C4<0>, C4<0>;
v0000000002242460_0 .net "rst", 0 0, L_0000000002243f28;  1 drivers
v0000000002243720_0 .var/i "scan_ret", 31 0;
v0000000002242280_0 .net "we", 0 0, v000000000090c150_0;  alias, 1 drivers
    .scope S_0000000002241980;
T_3 ;
    %vpi_func 4 25 "$fopen" 32, P_0000000002241b70, "r" {0 0 0};
    %store/vec4 v00000000022421e0_0, 0, 32;
    %pushi/vec4 0, 0, 32;
    %store/vec4 v0000000002242820_0, 0, 32;
T_3.0 ;
    %load/vec4 v0000000002242820_0;
    %pad/s 46;
    %cmpi/s 16384, 0, 46;
    %jmp/0xz T_3.1, 5;
    %vpi_func 4 27 "$fscanf" 32, v00000000022421e0_0, "%x\012", &A<v0000000002242a00, v0000000002242820_0 > {0 0 0};
    %store/vec4 v0000000002243720_0, 0, 32;
    %load/vec4 v0000000002242820_0;
    %addi 1, 0, 32;
    %store/vec4 v0000000002242820_0, 0, 32;
    %jmp T_3.0;
T_3.1 ;
    %end;
    .thread T_3;
    .scope S_0000000002241980;
T_4 ;
    %wait E_00000000008d2e40;
    %load/vec4 v0000000002242460_0;
    %flag_set/vec4 8;
    %jmp/0xz  T_4.0, 8;
    %pushi/vec4 0, 0, 32;
    %store/vec4 v0000000002242820_0, 0, 32;
T_4.2 ;
    %load/vec4 v0000000002242820_0;
    %pad/s 46;
    %cmpi/s 16384, 0, 46;
    %jmp/0xz T_4.3, 5;
    %pushi/vec4 0, 0, 32;
    %ix/getv/s 3, v0000000002242820_0;
    %ix/load 4, 0, 0; Constant delay
    %assign/vec4/a/d v0000000002242a00, 0, 4;
    %load/vec4 v0000000002242820_0;
    %addi 1, 0, 32;
    %store/vec4 v0000000002242820_0, 0, 32;
    %jmp T_4.2;
T_4.3 ;
    %jmp T_4.1;
T_4.0 ;
    %load/vec4 v0000000002242280_0;
    %flag_set/vec4 8;
    %jmp/0xz  T_4.4, 8;
    %load/vec4 v000000000090c8d0_0;
    %load/vec4 v000000000090c470_0;
    %pad/u 16;
    %ix/vec4 3;
    %ix/load 4, 0, 0; Constant delay
    %assign/vec4/a/d v0000000002242a00, 0, 4;
    %load/vec4 v000000000090c8d0_0;
    %assign/vec4 v00000000022435e0_0, 0;
    %jmp T_4.5;
T_4.4 ;
    %load/vec4 v000000000090c470_0;
    %pad/u 16;
    %ix/vec4 4;
    %load/vec4a v0000000002242a00, 4;
    %assign/vec4 v00000000022435e0_0, 0;
T_4.5 ;
T_4.1 ;
    %jmp T_4;
    .thread T_4;
    .scope S_0000000002241710;
T_5 ;
    %pushi/vec4 0, 0, 32;
    %store/vec4 v000000000090c010_0, 0, 32;
T_5.0 ;
    %load/vec4 v000000000090c010_0;
    %pad/s 36;
    %cmpi/s 16, 0, 36;
    %jmp/0xz T_5.1, 5;
    %pushi/vec4 0, 0, 32;
    %ix/getv/s 4, v000000000090c010_0;
    %store/vec4a v000000000090c6f0, 4, 0;
    %load/vec4 v000000000090c010_0;
    %addi 1, 0, 32;
    %store/vec4 v000000000090c010_0, 0, 32;
    %jmp T_5.0;
T_5.1 ;
    %end;
    .thread T_5;
    .scope S_0000000002241710;
T_6 ;
    %wait E_00000000008d2e40;
    %load/vec4 v000000000090c0b0_0;
    %flag_set/vec4 8;
    %jmp/0xz  T_6.0, 8;
    %pushi/vec4 0, 0, 32;
    %store/vec4 v000000000090c010_0, 0, 32;
T_6.2 ;
    %load/vec4 v000000000090c010_0;
    %pad/s 36;
    %cmpi/s 16, 0, 36;
    %jmp/0xz T_6.3, 5;
    %pushi/vec4 0, 0, 32;
    %ix/getv/s 3, v000000000090c010_0;
    %ix/load 4, 0, 0; Constant delay
    %assign/vec4/a/d v000000000090c6f0, 0, 4;
    %load/vec4 v000000000090c010_0;
    %addi 1, 0, 32;
    %store/vec4 v000000000090c010_0, 0, 32;
    %jmp T_6.2;
T_6.3 ;
    %jmp T_6.1;
T_6.0 ;
    %load/vec4 v000000000090c510_0;
    %flag_set/vec4 8;
    %jmp/0xz  T_6.4, 8;
    %load/vec4 v000000000090bd90_0;
    %load/vec4 v000000000090b6b0_0;
    %pad/u 6;
    %ix/vec4 3;
    %ix/load 4, 0, 0; Constant delay
    %assign/vec4/a/d v000000000090c6f0, 0, 4;
    %load/vec4 v000000000090bd90_0;
    %assign/vec4 v000000000090bed0_0, 0;
    %jmp T_6.5;
T_6.4 ;
    %load/vec4 v000000000090b6b0_0;
    %pad/u 6;
    %ix/vec4 4;
    %load/vec4a v000000000090c6f0, 4;
    %assign/vec4 v000000000090bed0_0, 0;
T_6.5 ;
T_6.1 ;
    %jmp T_6;
    .thread T_6;
    .scope S_00000000022414a0;
T_7 ;
    %pushi/vec4 0, 0, 32;
    %store/vec4 v000000000090c650_0, 0, 32;
T_7.0 ;
    %load/vec4 v000000000090c650_0;
    %pad/s 42;
    %cmpi/s 1024, 0, 42;
    %jmp/0xz T_7.1, 5;
    %pushi/vec4 0, 0, 32;
    %ix/getv/s 4, v000000000090c650_0;
    %store/vec4a v000000000090b610, 4, 0;
    %load/vec4 v000000000090c650_0;
    %addi 1, 0, 32;
    %store/vec4 v000000000090c650_0, 0, 32;
    %jmp T_7.0;
T_7.1 ;
    %end;
    .thread T_7;
    .scope S_00000000022414a0;
T_8 ;
    %wait E_00000000008d2e40;
    %load/vec4 v000000000090bf70_0;
    %flag_set/vec4 8;
    %jmp/0xz  T_8.0, 8;
    %pushi/vec4 0, 0, 32;
    %store/vec4 v000000000090c650_0, 0, 32;
T_8.2 ;
    %load/vec4 v000000000090c650_0;
    %pad/s 42;
    %cmpi/s 1024, 0, 42;
    %jmp/0xz T_8.3, 5;
    %pushi/vec4 0, 0, 32;
    %ix/getv/s 3, v000000000090c650_0;
    %ix/load 4, 0, 0; Constant delay
    %assign/vec4/a/d v000000000090b610, 0, 4;
    %load/vec4 v000000000090c650_0;
    %addi 1, 0, 32;
    %store/vec4 v000000000090c650_0, 0, 32;
    %jmp T_8.2;
T_8.3 ;
    %jmp T_8.1;
T_8.0 ;
    %load/vec4 v000000000090bbb0_0;
    %flag_set/vec4 8;
    %jmp/0xz  T_8.4, 8;
    %load/vec4 v000000000090b4d0_0;
    %load/vec4 v000000000090b7f0_0;
    %pad/u 12;
    %ix/vec4 3;
    %ix/load 4, 0, 0; Constant delay
    %assign/vec4/a/d v000000000090b610, 0, 4;
    %load/vec4 v000000000090b4d0_0;
    %assign/vec4 v000000000090c970_0, 0;
    %jmp T_8.5;
T_8.4 ;
    %load/vec4 v000000000090b7f0_0;
    %pad/u 12;
    %ix/vec4 4;
    %load/vec4a v000000000090b610, 4;
    %assign/vec4 v000000000090c970_0, 0;
T_8.5 ;
T_8.1 ;
    %jmp T_8;
    .thread T_8;
    .scope S_0000000000860ec0;
T_9 ;
    %pushi/vec4 0, 0, 32;
    %store/vec4 v00000000008a6600_0, 0, 32;
T_9.0 ;
    %load/vec4 v00000000008a6600_0;
    %pad/s 42;
    %cmpi/s 1024, 0, 42;
    %jmp/0xz T_9.1, 5;
    %pushi/vec4 0, 0, 32;
    %ix/getv/s 4, v00000000008a6600_0;
    %store/vec4a v00000000008a5ac0, 4, 0;
    %load/vec4 v00000000008a6600_0;
    %addi 1, 0, 32;
    %store/vec4 v00000000008a6600_0, 0, 32;
    %jmp T_9.0;
T_9.1 ;
    %end;
    .thread T_9;
    .scope S_0000000000860ec0;
T_10 ;
    %wait E_00000000008d2e40;
    %load/vec4 v00000000008a6380_0;
    %flag_set/vec4 8;
    %jmp/0xz  T_10.0, 8;
    %pushi/vec4 0, 0, 32;
    %store/vec4 v00000000008a6600_0, 0, 32;
T_10.2 ;
    %load/vec4 v00000000008a6600_0;
    %pad/s 42;
    %cmpi/s 1024, 0, 42;
    %jmp/0xz T_10.3, 5;
    %pushi/vec4 0, 0, 32;
    %ix/getv/s 3, v00000000008a6600_0;
    %ix/load 4, 0, 0; Constant delay
    %assign/vec4/a/d v00000000008a5ac0, 0, 4;
    %load/vec4 v00000000008a6600_0;
    %addi 1, 0, 32;
    %store/vec4 v00000000008a6600_0, 0, 32;
    %jmp T_10.2;
T_10.3 ;
    %jmp T_10.1;
T_10.0 ;
    %load/vec4 v00000000008a5340_0;
    %flag_set/vec4 8;
    %jmp/0xz  T_10.4, 8;
    %load/vec4 v00000000008a61a0_0;
    %load/vec4 v00000000008a5b60_0;
    %pad/u 12;
    %ix/vec4 3;
    %ix/load 4, 0, 0; Constant delay
    %assign/vec4/a/d v00000000008a5ac0, 0, 4;
    %load/vec4 v00000000008a61a0_0;
    %assign/vec4 v00000000008a6420_0, 0;
    %jmp T_10.5;
T_10.4 ;
    %load/vec4 v00000000008a5b60_0;
    %pad/u 12;
    %ix/vec4 4;
    %load/vec4a v00000000008a5ac0, 4;
    %assign/vec4 v00000000008a6420_0, 0;
T_10.5 ;
T_10.1 ;
    %jmp T_10;
    .thread T_10;
    .scope S_0000000002241320;
T_11 ;
    %vpi_func 4 25 "$fopen" 32, P_00000000008c97e0, "r" {0 0 0};
    %store/vec4 v000000000090b1b0_0, 0, 32;
    %pushi/vec4 0, 0, 32;
    %store/vec4 v000000000090b750_0, 0, 32;
T_11.0 ;
    %load/vec4 v000000000090b750_0;
    %pad/s 42;
    %cmpi/s 1024, 0, 42;
    %jmp/0xz T_11.1, 5;
    %vpi_func 4 27 "$fscanf" 32, v000000000090b1b0_0, "%x\012", &A<v000000000090cc90, v000000000090b750_0 > {0 0 0};
    %store/vec4 v000000000090c330_0, 0, 32;
    %load/vec4 v000000000090b750_0;
    %addi 1, 0, 32;
    %store/vec4 v000000000090b750_0, 0, 32;
    %jmp T_11.0;
T_11.1 ;
    %end;
    .thread T_11;
    .scope S_0000000002241320;
T_12 ;
    %wait E_00000000008d2e40;
    %load/vec4 v000000000090b2f0_0;
    %flag_set/vec4 8;
    %jmp/0xz  T_12.0, 8;
    %pushi/vec4 0, 0, 32;
    %store/vec4 v000000000090b750_0, 0, 32;
T_12.2 ;
    %load/vec4 v000000000090b750_0;
    %pad/s 42;
    %cmpi/s 1024, 0, 42;
    %jmp/0xz T_12.3, 5;
    %pushi/vec4 0, 0, 32;
    %ix/getv/s 3, v000000000090b750_0;
    %ix/load 4, 0, 0; Constant delay
    %assign/vec4/a/d v000000000090cc90, 0, 4;
    %load/vec4 v000000000090b750_0;
    %addi 1, 0, 32;
    %store/vec4 v000000000090b750_0, 0, 32;
    %jmp T_12.2;
T_12.3 ;
    %jmp T_12.1;
T_12.0 ;
    %load/vec4 v000000000090b890_0;
    %flag_set/vec4 8;
    %jmp/0xz  T_12.4, 8;
    %load/vec4 v000000000090ca10_0;
    %load/vec4 v000000000090cbf0_0;
    %pad/u 12;
    %ix/vec4 3;
    %ix/load 4, 0, 0; Constant delay
    %assign/vec4/a/d v000000000090cc90, 0, 4;
    %load/vec4 v000000000090ca10_0;
    %assign/vec4 v000000000090b390_0, 0;
    %jmp T_12.5;
T_12.4 ;
    %load/vec4 v000000000090cbf0_0;
    %pad/u 12;
    %ix/vec4 4;
    %load/vec4a v000000000090cc90, 4;
    %assign/vec4 v000000000090b390_0, 0;
T_12.5 ;
T_12.1 ;
    %jmp T_12;
    .thread T_12;
    .scope S_0000000000861040;
T_13 ;
    %pushi/vec4 0, 0, 3;
    %assign/vec4 v000000000090ce70_0, 0;
    %pushi/vec4 0, 0, 10;
    %store/vec4 v00000000008a2750_0, 0, 10;
    %pushi/vec4 0, 0, 1;
    %store/vec4 v000000000090c3d0_0, 0, 1;
    %pushi/vec4 0, 0, 1;
    %store/vec4 v000000000090c150_0, 0, 1;
    %pushi/vec4 1023, 0, 10;
    %store/vec4 v000000000090b250_0, 0, 10;
    %pushi/vec4 0, 0, 32;
    %store/vec4 v00000000008a1a30_0, 0, 32;
    %end;
    .thread T_13;
    .scope S_0000000000861040;
T_14 ;
    %wait E_00000000008d2e40;
    %load/vec4 v000000000090be30_0;
    %pad/u 32;
    %cmpi/e 1, 0, 32;
    %jmp/0xz  T_14.0, 4;
    %load/vec4 v000000000090cb50_0;
    %pad/u 32;
    %cmpi/e 1, 0, 32;
    %jmp/0xz  T_14.2, 4;
    %pushi/vec4 1, 0, 1;
    %assign/vec4 v000000000090c150_0, 0;
    %load/vec4 v00000000008a5980_0;
    %load/vec4 v00000000008a57a0_0;
    %parti/s 4, 0, 2;
    %concat/vec4; draw_concat_vec4
    %assign/vec4 v000000000090c5b0_0, 0;
    %load/vec4 v00000000008a5700_0;
    %assign/vec4 v000000000090b570_0, 0;
T_14.2 ;
    %jmp T_14.1;
T_14.0 ;
    %pushi/vec4 0, 0, 1;
    %assign/vec4 v000000000090c150_0, 0;
    %load/vec4 v000000000090ce70_0;
    %dup/vec4;
    %pushi/vec4 0, 0, 3;
    %cmp/u;
    %jmp/1 T_14.4, 6;
    %dup/vec4;
    %pushi/vec4 1, 0, 3;
    %cmp/u;
    %jmp/1 T_14.5, 6;
    %dup/vec4;
    %pushi/vec4 2, 0, 3;
    %cmp/u;
    %jmp/1 T_14.6, 6;
    %dup/vec4;
    %pushi/vec4 3, 0, 3;
    %cmp/u;
    %jmp/1 T_14.7, 6;
    %dup/vec4;
    %pushi/vec4 4, 0, 3;
    %cmp/u;
    %jmp/1 T_14.8, 6;
    %dup/vec4;
    %pushi/vec4 5, 0, 3;
    %cmp/u;
    %jmp/1 T_14.9, 6;
    %jmp T_14.10;
T_14.4 ;
    %pushi/vec4 0, 0, 1;
    %assign/vec4 v000000000090bcf0_0, 0;
    %pushi/vec4 0, 0, 1;
    %assign/vec4 v00000000008a55c0_0, 0;
    %load/vec4 v000000000090cb50_0;
    %pad/u 32;
    %pushi/vec4 1, 0, 32;
    %cmp/e;
    %flag_get/vec4 4;
    %load/vec4 v00000000008a57a0_0;
    %load/vec4 v000000000090b250_0;
    %cmp/e;
    %flag_get/vec4 4;
    %inv;
    %and;
    %flag_set/vec4 8;
    %jmp/0xz  T_14.11, 8;
    %load/vec4 v00000000008a57a0_0;
    %assign/vec4 v000000000090b250_0, 0;
    %load/vec4 v00000000008a57a0_0;
    %pad/u 14;
    %ix/load 4, 4, 0;
    %flag_set/imm 4, 0;
    %shiftl 4;
    %assign/vec4 v000000000090c5b0_0, 0;
    %pushi/vec4 0, 0, 4;
    %assign/vec4 v000000000090b110_0, 0;
    %pushi/vec4 0, 0, 1;
    %assign/vec4 v000000000090cd30_0, 0;
    %pushi/vec4 1, 0, 1;
    %assign/vec4 v000000000090ba70_0, 0;
    %load/vec4 v00000000008a57a0_0;
    %assign/vec4 v000000000090b070_0, 0;
    %load/vec4 v00000000008a5700_0;
    %assign/vec4 v000000000090cdd0_0, 0;
    %pushi/vec4 1, 0, 3;
    %assign/vec4 v000000000090ce70_0, 0;
T_14.11 ;
    %jmp T_14.10;
T_14.5 ;
    %pushi/vec4 0, 0, 1;
    %assign/vec4 v000000000090ba70_0, 0;
    %load/vec4 v000000000090cd30_0;
    %pad/u 32;
    %cmpi/e 0, 0, 32;
    %jmp/0xz  T_14.13, 4;
    %pushi/vec4 1, 0, 1;
    %assign/vec4 v000000000090cd30_0, 0;
    %jmp T_14.14;
T_14.13 ;
    %load/vec4 v000000000090c3d0_0;
    %pad/u 32;
    %cmpi/e 0, 0, 32;
    %jmp/0xz  T_14.15, 4;
    %load/vec4 v000000000090bb10_0;
    %load/vec4 v000000000090b930_0;
    %load/vec4 v000000000090cdd0_0;
    %store/vec4 v00000000008a5f20_0, 0, 32;
    %store/vec4 v00000000008a52a0_0, 0, 32;
    %fork TD_mult, S_0000000000894f60;
    %join;
    %load/vec4  v00000000008a6060_0;
    %store/vec4 v00000000008a5a20_0, 0, 32;
    %store/vec4 v00000000008a5d40_0, 0, 32;
    %fork TD_add, S_000000000086ab20;
    %join;
    %load/vec4  v00000000008a6880_0;
    %assign/vec4 v000000000090cf10_0, 0;
    %pushi/vec4 1, 0, 1;
    %assign/vec4 v000000000090c3d0_0, 0;
    %jmp T_14.16;
T_14.15 ;
    %pushi/vec4 0, 0, 1;
    %assign/vec4 v000000000090c3d0_0, 0;
    %pushi/vec4 0, 0, 1;
    %assign/vec4 v000000000090cd30_0, 0;
    %load/vec4 v000000000090c5b0_0;
    %addi 1, 0, 14;
    %assign/vec4 v000000000090c5b0_0, 0;
    %load/vec4 v000000000090b110_0;
    %pad/u 32;
    %cmpi/e 9, 0, 32;
    %jmp/0xz  T_14.17, 4;
    %load/vec4 v000000000090b070_0;
    %pad/u 32;
    %cmpi/ne 1023, 0, 32;
    %jmp/0xz  T_14.19, 4;
    %pushi/vec4 0, 0, 3;
    %assign/vec4 v000000000090ce70_0, 0;
    %jmp T_14.20;
T_14.19 ;
    %pushi/vec4 0, 0, 4;
    %assign/vec4 v000000000090b110_0, 0;
    %pushi/vec4 2, 0, 3;
    %assign/vec4 v000000000090ce70_0, 0;
    %pushi/vec4 0, 0, 1;
    %assign/vec4 v000000000090c1f0_0, 0;
T_14.20 ;
    %jmp T_14.18;
T_14.17 ;
    %load/vec4 v000000000090b110_0;
    %addi 1, 0, 4;
    %assign/vec4 v000000000090b110_0, 0;
T_14.18 ;
T_14.16 ;
T_14.14 ;
    %jmp T_14.10;
T_14.6 ;
    %load/vec4 v000000000090cd30_0;
    %nor/r;
    %flag_set/vec4 8;
    %jmp/0xz  T_14.21, 8;
    %pushi/vec4 1, 0, 1;
    %assign/vec4 v000000000090cd30_0, 0;
    %jmp T_14.22;
T_14.21 ;
    %load/vec4 v000000000090c1f0_0;
    %nor/r;
    %flag_set/vec4 8;
    %jmp/0xz  T_14.23, 8;
    %pushi/vec4 1, 0, 1;
    %assign/vec4 v000000000090c1f0_0, 0;
    %load/vec4 v000000000090bb10_0;
    %parti/s 1, 31, 6;
    %flag_set/vec4 8;
    %jmp/0xz  T_14.25, 8;
    %pushi/vec4 0, 0, 32;
    %assign/vec4 v00000000008a1a30_0, 0;
    %jmp T_14.26;
T_14.25 ;
    %load/vec4 v000000000090bb10_0;
    %assign/vec4 v00000000008a1a30_0, 0;
T_14.26 ;
    %load/vec4 v000000000090b110_0;
    %pad/u 10;
    %assign/vec4 v00000000008a2750_0, 0;
    %jmp T_14.24;
T_14.23 ;
    %load/vec4 v000000000090cab0_0;
    %flag_set/vec4 8;
    %jmp/0xz  T_14.27, 8;
    %pushi/vec4 0, 0, 1;
    %assign/vec4 v000000000090c1f0_0, 0;
    %pushi/vec4 0, 0, 1;
    %assign/vec4 v000000000090cd30_0, 0;
    %load/vec4 v00000000008a2750_0;
    %pad/u 32;
    %cmpi/e 9, 0, 32;
    %jmp/0xz  T_14.29, 4;
    %pushi/vec4 3, 0, 3;
    %assign/vec4 v000000000090ce70_0, 0;
    %jmp T_14.30;
T_14.29 ;
    %load/vec4 v000000000090b110_0;
    %addi 1, 0, 4;
    %assign/vec4 v000000000090b110_0, 0;
T_14.30 ;
T_14.27 ;
T_14.24 ;
T_14.22 ;
    %jmp T_14.10;
T_14.7 ;
    %load/vec4 v000000000090cb50_0;
    %pad/u 32;
    %pushi/vec4 1, 0, 32;
    %cmp/e;
    %flag_get/vec4 4;
    %load/vec4 v00000000008a57a0_0;
    %load/vec4 v000000000090b250_0;
    %cmp/e;
    %flag_get/vec4 4;
    %inv;
    %and;
    %flag_set/vec4 8;
    %jmp/0xz  T_14.31, 8;
    %load/vec4 v00000000008a57a0_0;
    %assign/vec4 v000000000090b250_0, 0;
    %load/vec4 v00000000008a5700_0;
    %assign/vec4 v00000000008a5660_0, 0;
    %pushi/vec4 4, 0, 3;
    %assign/vec4 v000000000090ce70_0, 0;
    %load/vec4 v00000000008a57a0_0;
    %pad/u 14;
    %assign/vec4 v000000000090c5b0_0, 0;
    %load/vec4 v00000000008a57a0_0;
    %pad/u 4;
    %assign/vec4 v000000000090b110_0, 0;
    %pushi/vec4 0, 0, 1;
    %assign/vec4 v000000000090cd30_0, 0;
    %pushi/vec4 0, 0, 10;
    %assign/vec4 v000000000090b070_0, 0;
    %pushi/vec4 0, 0, 10;
    %assign/vec4 v00000000008a4da0_0, 0;
T_14.31 ;
    %jmp T_14.10;
T_14.8 ;
    %load/vec4 v000000000090cd30_0;
    %pad/u 32;
    %cmpi/e 0, 0, 32;
    %jmp/0xz  T_14.33, 4;
    %pushi/vec4 1, 0, 1;
    %assign/vec4 v000000000090cd30_0, 0;
    %jmp T_14.34;
T_14.33 ;
    %load/vec4 v00000000008a58e0_0;
    %pad/u 32;
    %cmpi/e 0, 0, 32;
    %jmp/0xz  T_14.35, 4;
    %load/vec4 v000000000090bb10_0;
    %parti/s 1, 31, 6;
    %nor/r;
    %flag_set/vec4 8;
    %jmp/0xz  T_14.37, 8;
    %load/vec4 v00000000008a4ee0_0;
    %load/vec4 v000000000090b930_0;
    %load/vec4 v00000000008a5660_0;
    %store/vec4 v00000000008a5f20_0, 0, 32;
    %store/vec4 v00000000008a52a0_0, 0, 32;
    %fork TD_mult, S_0000000000894f60;
    %join;
    %load/vec4  v00000000008a6060_0;
    %store/vec4 v00000000008a5a20_0, 0, 32;
    %store/vec4 v00000000008a5d40_0, 0, 32;
    %fork TD_add, S_000000000086ab20;
    %join;
    %load/vec4  v00000000008a6880_0;
    %assign/vec4 v00000000008a4e40_0, 0;
    %load/vec4 v000000000090b930_0;
    %load/vec4 v000000000090c290_0;
    %inv;
    %addi 1, 0, 32;
    %load/vec4 v00000000008a5660_0;
    %ix/load 4, 4, 0;
    %flag_set/imm 4, 0;
    %shiftr 4;
    %store/vec4 v00000000008a5f20_0, 0, 32;
    %store/vec4 v00000000008a52a0_0, 0, 32;
    %fork TD_mult, S_0000000000894f60;
    %join;
    %load/vec4  v00000000008a6060_0;
    %store/vec4 v00000000008a5a20_0, 0, 32;
    %store/vec4 v00000000008a5d40_0, 0, 32;
    %fork TD_add, S_000000000086ab20;
    %join;
    %load/vec4  v00000000008a6880_0;
    %assign/vec4 v000000000090b570_0, 0;
    %jmp T_14.38;
T_14.37 ;
    %load/vec4 v00000000008a4ee0_0;
    %assign/vec4 v00000000008a4e40_0, 0;
    %load/vec4 v000000000090b930_0;
    %assign/vec4 v000000000090b570_0, 0;
T_14.38 ;
    %pushi/vec4 1, 0, 1;
    %assign/vec4 v000000000090c150_0, 0;
    %pushi/vec4 1, 0, 1;
    %assign/vec4 v00000000008a58e0_0, 0;
    %jmp T_14.36;
T_14.35 ;
    %load/vec4 v00000000008a4da0_0;
    %pad/u 32;
    %cmpi/e 1023, 0, 32;
    %jmp/0xz  T_14.39, 4;
    %load/vec4 v000000000090c5b0_0;
    %parti/s 4, 0, 2;
    %pad/u 32;
    %cmpi/ne 9, 0, 32;
    %jmp/0xz  T_14.41, 4;
    %pushi/vec4 3, 0, 3;
    %assign/vec4 v000000000090ce70_0, 0;
    %jmp T_14.42;
T_14.41 ;
    %pushi/vec4 5, 0, 3;
    %assign/vec4 v000000000090ce70_0, 0;
    %pushi/vec4 0, 0, 10;
    %assign/vec4 v00000000008a4da0_0, 0;
T_14.42 ;
    %jmp T_14.40;
T_14.39 ;
    %load/vec4 v000000000090c5b0_0;
    %parti/s 10, 4, 4;
    %addi 1, 0, 10;
    %ix/load 4, 4, 0;
    %ix/load 5, 0, 0;
    %flag_set/imm 4, 0;
    %assign/vec4/off/d v000000000090c5b0_0, 4, 5;
    %load/vec4 v000000000090b070_0;
    %addi 1, 0, 10;
    %assign/vec4 v000000000090b070_0, 0;
    %load/vec4 v00000000008a4da0_0;
    %addi 1, 0, 10;
    %assign/vec4 v00000000008a4da0_0, 0;
T_14.40 ;
    %pushi/vec4 0, 0, 1;
    %assign/vec4 v000000000090c150_0, 0;
    %pushi/vec4 0, 0, 1;
    %assign/vec4 v00000000008a58e0_0, 0;
    %pushi/vec4 0, 0, 1;
    %assign/vec4 v000000000090cd30_0, 0;
T_14.36 ;
T_14.34 ;
    %jmp T_14.10;
T_14.9 ;
    %load/vec4 v000000000090cd30_0;
    %nor/r;
    %flag_set/vec4 8;
    %jmp/0xz  T_14.43, 8;
    %pushi/vec4 1, 0, 1;
    %assign/vec4 v000000000090cd30_0, 0;
    %jmp T_14.44;
T_14.43 ;
    %load/vec4 v000000000090c1f0_0;
    %nor/r;
    %flag_set/vec4 8;
    %jmp/0xz  T_14.45, 8;
    %pushi/vec4 1, 0, 1;
    %assign/vec4 v000000000090c1f0_0, 0;
    %load/vec4 v00000000008a4ee0_0;
    %assign/vec4 v00000000008a1a30_0, 0;
    %load/vec4 v00000000008a4da0_0;
    %assign/vec4 v00000000008a2750_0, 0;
    %jmp T_14.46;
T_14.45 ;
    %load/vec4 v000000000090cab0_0;
    %flag_set/vec4 8;
    %jmp/0xz  T_14.47, 8;
    %pushi/vec4 0, 0, 1;
    %assign/vec4 v000000000090c1f0_0, 0;
    %pushi/vec4 0, 0, 1;
    %assign/vec4 v000000000090cd30_0, 0;
    %load/vec4 v00000000008a2750_0;
    %pad/u 32;
    %cmpi/e 1023, 0, 32;
    %jmp/0xz  T_14.49, 4;
    %pushi/vec4 0, 0, 3;
    %assign/vec4 v000000000090ce70_0, 0;
    %jmp T_14.50;
T_14.49 ;
    %load/vec4 v00000000008a4da0_0;
    %addi 1, 0, 10;
    %assign/vec4 v00000000008a4da0_0, 0;
T_14.50 ;
T_14.47 ;
T_14.46 ;
T_14.44 ;
    %jmp T_14.10;
T_14.10 ;
    %pop/vec4 1;
T_14.1 ;
    %jmp T_14;
    .thread T_14;
    .scope S_00000000008950e0;
T_15 ;
    %pushi/vec4 0, 0, 1;
    %store/vec4 v0000000002243900_0, 0, 1;
    %pushi/vec4 0, 0, 1;
    %store/vec4 v0000000002243180_0, 0, 1;
    %pushi/vec4 0, 0, 10;
    %store/vec4 v0000000002243400_0, 0, 10;
    %pushi/vec4 0, 0, 1;
    %store/vec4 v0000000002243a40_0, 0, 1;
    %pushi/vec4 1, 0, 3;
    %store/vec4 v0000000002241ce0_0, 0, 3;
    %pushi/vec4 0, 0, 1;
    %store/vec4 v0000000002242320_0, 0, 1;
    %pushi/vec4 1, 0, 1;
    %store/vec4 v0000000002243ae0_0, 0, 1;
    %pushi/vec4 1, 0, 1;
    %store/vec4 v0000000002242e60_0, 0, 1;
    %pushi/vec4 0, 0, 1;
    %store/vec4 v00000000022426e0_0, 0, 1;
    %pushi/vec4 65536, 0, 32;
    %store/vec4 v0000000002241e20_0, 0, 32;
    %pushi/vec4 0, 0, 10;
    %store/vec4 v0000000002243860_0, 0, 10;
    %pushi/vec4 1023, 0, 32;
    %store/vec4 v00000000022437c0_0, 0, 32;
    %end;
    .thread T_15;
    .scope S_00000000008950e0;
T_16 ;
    %delay 5, 0;
    %load/vec4 v0000000002242320_0;
    %inv;
    %assign/vec4 v0000000002242320_0, 0;
    %jmp T_16;
    .thread T_16;
    .scope S_00000000008950e0;
T_17 ;
    %wait E_00000000008d2e40;
    %load/vec4 v0000000002241ce0_0;
    %dup/vec4;
    %pushi/vec4 1, 0, 3;
    %cmp/u;
    %jmp/1 T_17.0, 6;
    %dup/vec4;
    %pushi/vec4 2, 0, 3;
    %cmp/u;
    %jmp/1 T_17.1, 6;
    %dup/vec4;
    %pushi/vec4 4, 0, 3;
    %cmp/u;
    %jmp/1 T_17.2, 6;
    %dup/vec4;
    %pushi/vec4 5, 0, 3;
    %cmp/u;
    %jmp/1 T_17.3, 6;
    %jmp T_17.4;
T_17.0 ;
    %load/vec4 v0000000002243900_0;
    %pad/u 32;
    %pushi/vec4 1, 0, 32;
    %cmp/e;
    %flag_get/vec4 4;
    %load/vec4 v0000000002243180_0;
    %pad/u 32;
    %pushi/vec4 0, 0, 32;
    %cmp/e;
    %flag_get/vec4 4;
    %and;
    %flag_set/vec4 8;
    %jmp/0xz  T_17.5, 8;
    %pushi/vec4 1, 0, 1;
    %assign/vec4 v0000000002243180_0, 0;
    %load/vec4 v0000000002242d20_0;
    %assign/vec4 v0000000002241e20_0, 0;
    %jmp T_17.6;
T_17.5 ;
    %load/vec4 v0000000002243180_0;
    %pad/u 32;
    %cmpi/e 0, 0, 32;
    %jmp/0xz  T_17.7, 4;
    %pushi/vec4 1, 0, 1;
    %assign/vec4 v0000000002243900_0, 0;
    %jmp T_17.8;
T_17.7 ;
    %load/vec4 v00000000022428c0_0;
    %pad/u 32;
    %cmpi/e 1, 0, 32;
    %jmp/0xz  T_17.9, 4;
    %load/vec4 v0000000002242d20_0;
    %assign/vec4 v0000000002241e20_0, 0;
    %pushi/vec4 0, 0, 1;
    %assign/vec4 v0000000002243900_0, 0;
    %pushi/vec4 0, 0, 1;
    %assign/vec4 v0000000002243180_0, 0;
    %load/vec4 v0000000002243400_0;
    %addi 1, 0, 10;
    %assign/vec4 v0000000002243400_0, 0;
    %load/vec4 v0000000002243860_0;
    %pad/u 32;
    %cmpi/e 1023, 0, 32;
    %jmp/0xz  T_17.11, 4;
    %pushi/vec4 2, 0, 3;
    %assign/vec4 v0000000002241ce0_0, 0;
    %pushi/vec4 0, 0, 1;
    %assign/vec4 v0000000002243180_0, 0;
    %jmp T_17.12;
T_17.11 ;
    %load/vec4 v0000000002243860_0;
    %addi 1, 0, 10;
    %assign/vec4 v0000000002243860_0, 0;
T_17.12 ;
T_17.9 ;
T_17.8 ;
T_17.6 ;
    %jmp T_17.4;
T_17.1 ;
    %load/vec4 v0000000002241ec0_0;
    %pad/u 32;
    %cmpi/e 1, 0, 32;
    %jmp/0xz  T_17.13, 4;
    %pushi/real 1638368962, 4067; load=3.05170
    %pushi/real 630823, 4045; load=3.05170
    %add/wr;
    %load/vec4 v0000000002243360_0;
    %parti/s 15, 0, 2;
    %ix/vec4 4;
    %cvt/ru 4;
    %mul/wr;
    %vpi_call/w 3 140 "$display", "Output (%d); %d.%05d", v0000000002242780_0, &PV<v0000000002243360_0, 15, 16>, W<0,r> {0 1 0};
    %load/vec4 v0000000002243360_0;
    %ix/getv 4, v0000000002242780_0;
    %store/vec4a v0000000002242dc0, 4, 0;
    %load/vec4 v0000000002242780_0;
    %pad/u 32;
    %cmpi/e 9, 0, 32;
    %jmp/0xz  T_17.15, 4;
    %pushi/vec4 4, 0, 3;
    %assign/vec4 v0000000002241ce0_0, 0;
    %ix/load 4, 0, 0;
    %flag_set/imm 4, 0;
    %load/vec4a v0000000002242dc0, 4;
    %parti/s 1, 31, 6;
    %inv;
    %ix/load 4, 0, 0;
    %flag_set/imm 4, 0;
    %load/vec4a v0000000002242dc0, 4;
    %parti/s 31, 0, 2;
    %concat/vec4; draw_concat_vec4
    %assign/vec4 v0000000002241e20_0, 0;
    %pushi/vec4 0, 0, 10;
    %assign/vec4 v0000000002243860_0, 0;
    %pushi/vec4 1, 0, 1;
    %assign/vec4 v0000000002243180_0, 0;
T_17.15 ;
T_17.13 ;
    %jmp T_17.4;
T_17.2 ;
    %load/vec4 v00000000022428c0_0;
    %flag_set/vec4 8;
    %jmp/0xz  T_17.17, 8;
    %load/vec4 v0000000002243860_0;
    %pad/u 32;
    %cmpi/e 9, 0, 32;
    %jmp/0xz  T_17.19, 4;
    %pushi/vec4 5, 0, 3;
    %assign/vec4 v0000000002241ce0_0, 0;
    %pushi/vec4 0, 0, 10;
    %assign/vec4 v0000000002243400_0, 0;
    %pushi/vec4 0, 0, 1;
    %assign/vec4 v0000000002243180_0, 0;
    %pushi/vec4 0, 0, 1;
    %assign/vec4 v0000000002243900_0, 0;
    %jmp T_17.20;
T_17.19 ;
    %load/vec4 v0000000002243860_0;
    %addi 1, 0, 10;
    %assign/vec4 v0000000002243860_0, 0;
    %load/vec4 v0000000002243860_0;
    %pad/u 33;
    %addi 1, 0, 33;
    %ix/vec4 4;
    %load/vec4a v0000000002242dc0, 4;
    %load/vec4 v0000000002243860_0;
    %pad/u 32;
    %inv;
    %addi 2, 0, 32;
    %store/vec4 v00000000008a5a20_0, 0, 32;
    %store/vec4 v00000000008a5d40_0, 0, 32;
    %fork TD_add, S_000000000086ab20;
    %join;
    %load/vec4  v00000000008a6880_0;
    %assign/vec4 v0000000002241e20_0, 0;
T_17.20 ;
T_17.17 ;
    %jmp T_17.4;
T_17.3 ;
    %load/vec4 v0000000002241ec0_0;
    %pad/u 32;
    %cmpi/e 1, 0, 32;
    %jmp/0xz  T_17.21, 4;
    %load/vec4 v0000000002242780_0;
    %pad/u 32;
    %cmpi/e 1023, 0, 32;
    %jmp/0xz  T_17.23, 4;
    %pushi/vec4 1, 0, 3;
    %assign/vec4 v0000000002241ce0_0, 0;
    %pushi/vec4 0, 0, 32;
    %assign/vec4 v0000000002241e20_0, 0;
    %pushi/vec4 0, 0, 10;
    %assign/vec4 v0000000002243860_0, 0;
    %pushi/vec4 1, 0, 1;
    %assign/vec4 v0000000002243180_0, 0;
T_17.23 ;
T_17.21 ;
    %jmp T_17.4;
T_17.4 ;
    %pop/vec4 1;
    %jmp T_17;
    .thread T_17;
# The file index is used to find the file name in the following table.
:file_names 6;
    "N/A";
    "<interactive>";
    "arith/arith.vh";
    "fc/fc_tb.v";
    "ice_ram.v";
    "fc/fc.v";
