#! c:/iverilog-x64/bin/vvp
:ivl_version "10.1 (stable)" "(v10_1_1)";
:ivl_delay_selection "TYPICAL";
:vpi_time_precision + 0;
:vpi_module "system";
:vpi_module "vhdl_sys";
:vpi_module "v2005_math";
:vpi_module "va_math";
:vpi_module "v2009";
S_00000000008653d0 .scope function, "add" "add" 2 43;
 .timescale 0 0;
v0000000000883d40_0 .var "a", 31 0;
v0000000000884560_0 .var "add", 31 0;
v0000000000884420_0 .var "b", 31 0;
TD_add ;
    %load/vec4 v0000000000883d40_0;
    %parti/s 1, 31, 6;
    %load/vec4 v0000000000884420_0;
    %parti/s 1, 31, 6;
    %cmp/e;
    %jmp/0xz  T_0.0, 4;
    %load/vec4 v0000000000883d40_0;
    %parti/s 31, 0, 2;
    %load/vec4 v0000000000884420_0;
    %parti/s 31, 0, 2;
    %add;
    %ix/load 4, 0, 0;
    %flag_set/imm 4, 0;
    %store/vec4 v0000000000884560_0, 4, 31;
    %load/vec4 v0000000000883d40_0;
    %parti/s 1, 31, 6;
    %ix/load 4, 31, 0;
    %flag_set/imm 4, 0;
    %store/vec4 v0000000000884560_0, 4, 1;
    %jmp T_0.1;
T_0.0 ;
    %load/vec4 v0000000000883d40_0;
    %parti/s 1, 31, 6;
    %pad/u 32;
    %pushi/vec4 0, 0, 32;
    %cmp/e;
    %flag_get/vec4 4;
    %load/vec4 v0000000000884420_0;
    %parti/s 1, 31, 6;
    %pad/u 32;
    %pushi/vec4 1, 0, 32;
    %cmp/e;
    %flag_get/vec4 4;
    %and;
    %flag_set/vec4 8;
    %jmp/0xz  T_0.2, 8;
    %load/vec4 v0000000000884420_0;
    %parti/s 31, 0, 2;
    %load/vec4 v0000000000883d40_0;
    %parti/s 31, 0, 2;
    %cmp/u;
    %jmp/0xz  T_0.4, 5;
    %load/vec4 v0000000000883d40_0;
    %parti/s 31, 0, 2;
    %load/vec4 v0000000000884420_0;
    %parti/s 31, 0, 2;
    %sub;
    %ix/load 4, 0, 0;
    %flag_set/imm 4, 0;
    %store/vec4 v0000000000884560_0, 4, 31;
    %pushi/vec4 0, 0, 1;
    %ix/load 4, 31, 0;
    %flag_set/imm 4, 0;
    %store/vec4 v0000000000884560_0, 4, 1;
    %jmp T_0.5;
T_0.4 ;
    %load/vec4 v0000000000884420_0;
    %parti/s 31, 0, 2;
    %load/vec4 v0000000000883d40_0;
    %parti/s 31, 0, 2;
    %sub;
    %ix/load 4, 0, 0;
    %flag_set/imm 4, 0;
    %store/vec4 v0000000000884560_0, 4, 31;
    %load/vec4 v0000000000884560_0;
    %parti/s 31, 0, 2;
    %pad/u 32;
    %cmpi/e 0, 0, 32;
    %jmp/0xz  T_0.6, 4;
    %pushi/vec4 0, 0, 1;
    %ix/load 4, 31, 0;
    %flag_set/imm 4, 0;
    %store/vec4 v0000000000884560_0, 4, 1;
    %jmp T_0.7;
T_0.6 ;
    %pushi/vec4 1, 0, 1;
    %ix/load 4, 31, 0;
    %flag_set/imm 4, 0;
    %store/vec4 v0000000000884560_0, 4, 1;
T_0.7 ;
T_0.5 ;
    %jmp T_0.3;
T_0.2 ;
    %load/vec4 v0000000000884420_0;
    %parti/s 31, 0, 2;
    %load/vec4 v0000000000883d40_0;
    %parti/s 31, 0, 2;
    %cmp/u;
    %jmp/0xz  T_0.8, 5;
    %load/vec4 v0000000000883d40_0;
    %parti/s 31, 0, 2;
    %load/vec4 v0000000000884420_0;
    %parti/s 31, 0, 2;
    %sub;
    %ix/load 4, 0, 0;
    %flag_set/imm 4, 0;
    %store/vec4 v0000000000884560_0, 4, 31;
    %load/vec4 v0000000000884560_0;
    %parti/s 31, 0, 2;
    %pad/u 32;
    %cmpi/e 0, 0, 32;
    %jmp/0xz  T_0.10, 4;
    %pushi/vec4 0, 0, 1;
    %ix/load 4, 31, 0;
    %flag_set/imm 4, 0;
    %store/vec4 v0000000000884560_0, 4, 1;
    %jmp T_0.11;
T_0.10 ;
    %pushi/vec4 1, 0, 1;
    %ix/load 4, 31, 0;
    %flag_set/imm 4, 0;
    %store/vec4 v0000000000884560_0, 4, 1;
T_0.11 ;
    %jmp T_0.9;
T_0.8 ;
    %load/vec4 v0000000000884420_0;
    %parti/s 31, 0, 2;
    %load/vec4 v0000000000883d40_0;
    %parti/s 31, 0, 2;
    %sub;
    %ix/load 4, 0, 0;
    %flag_set/imm 4, 0;
    %store/vec4 v0000000000884560_0, 4, 31;
    %pushi/vec4 0, 0, 1;
    %ix/load 4, 31, 0;
    %flag_set/imm 4, 0;
    %store/vec4 v0000000000884560_0, 4, 1;
T_0.9 ;
T_0.3 ;
T_0.1 ;
    %end;
S_0000000000899f30 .scope function, "div" "div" 2 7;
 .timescale 0 0;
v0000000000883fc0_0 .var "div", 31 0;
v0000000000884060_0 .var "dividend", 31 0;
v0000000000883700_0 .var "divisor", 31 0;
v0000000000883de0_0 .var/i "i", 31 0;
v0000000000884100_0 .var "scl_divd", 31 0;
v0000000000884240_0 .var "temp", 31 0;
TD_div ;
    %pushi/vec4 0, 0, 32;
    %store/vec4 v0000000000884240_0, 0, 32;
    %pushi/vec4 0, 0, 32;
    %store/vec4 v0000000000883fc0_0, 0, 32;
    %load/vec4 v0000000000884060_0;
    %ix/load 4, 15, 0;
    %flag_set/imm 4, 0;
    %shiftl 4;
    %store/vec4 v0000000000884100_0, 0, 32;
    %pushi/vec4 0, 0, 32;
    %store/vec4 v0000000000883de0_0, 0, 32;
T_1.12 ;
    %load/vec4 v0000000000883de0_0;
    %cmpi/s 31, 0, 32;
    %jmp/0xz T_1.13, 5;
    %load/vec4 v0000000000884240_0;
    %ix/load 4, 1, 0;
    %flag_set/imm 4, 0;
    %shiftl 4;
    %store/vec4 v0000000000884240_0, 0, 32;
    %load/vec4 v0000000000884100_0;
    %pushi/vec4 30, 0, 32;
    %load/vec4 v0000000000883de0_0;
    %sub;
    %part/s 1;
    %ix/load 4, 0, 0;
    %flag_set/imm 4, 0;
    %store/vec4 v0000000000884240_0, 4, 1;
    %load/vec4 v0000000000883fc0_0;
    %ix/load 4, 1, 0;
    %flag_set/imm 4, 0;
    %shiftl 4;
    %store/vec4 v0000000000883fc0_0, 0, 32;
    %load/vec4 v0000000000884240_0;
    %load/vec4 v0000000000883700_0;
    %sub;
    %store/vec4 v0000000000884240_0, 0, 32;
    %load/vec4 v0000000000884240_0;
    %parti/s 1, 31, 6;
    %pad/u 32;
    %cmpi/e 1, 0, 32;
    %jmp/0xz  T_1.14, 4;
    %pushi/vec4 0, 0, 1;
    %ix/load 4, 0, 0;
    %flag_set/imm 4, 0;
    %store/vec4 v0000000000883fc0_0, 4, 1;
    %load/vec4 v0000000000884240_0;
    %load/vec4 v0000000000883700_0;
    %add;
    %store/vec4 v0000000000884240_0, 0, 32;
    %jmp T_1.15;
T_1.14 ;
    %pushi/vec4 1, 0, 1;
    %ix/load 4, 0, 0;
    %flag_set/imm 4, 0;
    %store/vec4 v0000000000883fc0_0, 4, 1;
T_1.15 ;
    %load/vec4 v0000000000883de0_0;
    %addi 1, 0, 32;
    %store/vec4 v0000000000883de0_0, 0, 32;
    %jmp T_1.12;
T_1.13 ;
    %load/vec4 v0000000000884060_0;
    %parti/s 1, 31, 6;
    %load/vec4 v0000000000883700_0;
    %parti/s 1, 31, 6;
    %xor;
    %ix/load 4, 31, 0;
    %flag_set/imm 4, 0;
    %store/vec4 v0000000000883fc0_0, 4, 1;
    %end;
S_000000000089a0b0 .scope function, "mult" "mult" 2 32;
 .timescale 0 0;
v0000000000883b60_0 .var "i_multiplicand", 31 0;
v00000000008837a0_0 .var "i_multiplier", 31 0;
v00000000008842e0_0 .var "mult", 31 0;
v0000000000884380_0 .var "r_result", 63 0;
TD_mult ;
    %load/vec4 v0000000000883b60_0;
    %parti/s 31, 0, 2;
    %pad/u 64;
    %load/vec4 v00000000008837a0_0;
    %parti/s 31, 0, 2;
    %pad/u 64;
    %mul;
    %store/vec4 v0000000000884380_0, 0, 64;
    %load/vec4 v00000000008837a0_0;
    %parti/s 1, 31, 6;
    %load/vec4 v0000000000883b60_0;
    %parti/s 1, 31, 6;
    %xor;
    %ix/load 4, 31, 0;
    %flag_set/imm 4, 0;
    %store/vec4 v00000000008842e0_0, 4, 1;
    %load/vec4 v0000000000884380_0;
    %parti/s 31, 15, 5;
    %ix/load 4, 0, 0;
    %flag_set/imm 4, 0;
    %store/vec4 v00000000008842e0_0, 4, 31;
    %end;
S_0000000000870300 .scope module, "softmax" "softmax" 3 3;
 .timescale 0 0;
    .port_info 0 /INPUT 1 "clk"
    .port_info 1 /INPUT 32 "x"
    .port_info 2 /INPUT 4 "x_i"
    .port_info 3 /INPUT 1 "i_valid"
    .port_info 4 /INPUT 1 "i_rdy"
    .port_info 5 /OUTPUT 32 "y"
    .port_info 6 /OUTPUT 4 "y_i"
    .port_info 7 /OUTPUT 1 "o_valid"
    .port_info 8 /OUTPUT 1 "o_rdy"
P_0000000000870480 .param/l "BP_COMP" 0 3 24, +C4<00000000000000000000000000000101>;
P_00000000008704b8 .param/l "BP_REC" 0 3 23, +C4<00000000000000000000000000000100>;
P_00000000008704f0 .param/l "BP_SEND" 0 3 25, +C4<00000000000000000000000000000110>;
P_0000000000870528 .param/l "FW_DIV" 0 3 21, +C4<00000000000000000000000000000010>;
P_0000000000870560 .param/l "FW_EXP" 0 3 20, +C4<00000000000000000000000000000001>;
P_0000000000870598 .param/l "FW_REC" 0 3 19, +C4<00000000000000000000000000000000>;
P_00000000008705d0 .param/l "FW_SEND" 0 3 22, +C4<00000000000000000000000000000011>;
P_0000000000870608 .param/l "IDX_WIDTH" 0 3 5, +C4<00000000000000000000000000000100>;
P_0000000000870640 .param/l "WIDTH" 0 3 4, +C4<00000000000000000000000000001010>;
o00000000008a1938 .functor BUFZ 1, C4<z>; HiZ drive
v00000000008ff8a0_0 .net "clk", 0 0, o00000000008a1938;  0 drivers
v00000000008fda00_0 .var "exp_i_rdy", 0 0;
v00000000008ff440_0 .var "exp_i_valid", 0 0;
v00000000008fec20_0 .net "exp_o_rdy", 0 0, L_00000000008fe540;  1 drivers
v00000000008fe180_0 .net "exp_o_valid", 0 0, L_00000000008fe2c0;  1 drivers
v00000000008fe220_0 .var "exp_sum", 31 0;
v00000000008fdaa0_0 .var "exp_x", 31 0;
v00000000008fe400_0 .net "exp_y", 31 0, v00000000008ff760_0;  1 drivers
o00000000008a1d58 .functor BUFZ 1, C4<z>; HiZ drive
v00000000008fdb40_0 .net "i_rdy", 0 0, o00000000008a1d58;  0 drivers
o00000000008a1d88 .functor BUFZ 1, C4<z>; HiZ drive
v00000000008fef40_0 .net "i_valid", 0 0, o00000000008a1d88;  0 drivers
v00000000008ff4e0_0 .var "idx", 3 0;
v00000000008fed60_0 .var "max_input", 31 0;
o00000000008a1e18 .functor BUFZ 1, C4<z>; HiZ drive
v00000000008fe040_0 .net "o_rdy", 0 0, o00000000008a1e18;  0 drivers
o00000000008a1e48 .functor BUFZ 1, C4<z>; HiZ drive
v00000000008fdc80_0 .net "o_valid", 0 0, o00000000008a1e48;  0 drivers
v00000000008fee00_0 .var "state", 2 0;
v00000000008feb80 .array "values", 0 9, 31 0;
o00000000008a1ea8 .functor BUFZ 32, C4<zzzzzzzzzzzzzzzzzzzzzzzzzzzzzzzz>; HiZ drive
v00000000008fddc0_0 .net "x", 31 0, o00000000008a1ea8;  0 drivers
o00000000008a1ed8 .functor BUFZ 4, C4<zzzz>; HiZ drive
v00000000008fe4a0_0 .net "x_i", 3 0, o00000000008a1ed8;  0 drivers
v00000000008ff120_0 .var "y", 31 0;
v00000000008fe0e0_0 .var "y_i", 3 0;
S_00000000008fd6a0 .scope module, "exp_module" "exp" 3 38, 4 3 0, S_0000000000870300;
 .timescale 0 0;
    .port_info 0 /INPUT 1 "clk"
    .port_info 1 /INPUT 32 "x"
    .port_info 2 /INPUT 1 "i_valid"
    .port_info 3 /INPUT 1 "i_rdy"
    .port_info 4 /OUTPUT 1 "o_valid"
    .port_info 5 /OUTPUT 1 "o_rdy"
    .port_info 6 /OUTPUT 32 "y"
P_00000000008fd820 .param/l "IDLE" 0 4 18, +C4<00000000000000000000000000000000>;
P_00000000008fd858 .param/l "INT_MULT" 0 4 19, +C4<00000000000000000000000000000001>;
P_00000000008fd890 .param/l "OUT" 0 4 21, +C4<00000000000000000000000000000011>;
P_00000000008fd8c8 .param/l "T_MULT" 0 4 20, +C4<00000000000000000000000000000010>;
P_00000000008fd900 .param/l "e" 0 4 14, C4<00000000000000010101101111110000>;
P_00000000008fd938 .param/l "e_inv" 0 4 15, C4<00000000000000000010111100010110>;
P_00000000008fd970 .param/l "fp_fact" 0 4 16, C4<000000000011110000000000000000000000000000001100000000000000000000000000000000110000000000000000000000000000000100000000000000000000000000000000100000000000000000000000000000001000000000000000>;
v0000000000883ca0_0 .net *"_s0", 31 0, L_00000000008ff260;  1 drivers
L_0000000002910118 .functor BUFT 1, C4<00000000000000000000000000000>, C4<0>, C4<0>, C4<0>;
v00000000008838e0_0 .net *"_s11", 28 0, L_0000000002910118;  1 drivers
L_0000000002910160 .functor BUFT 1, C4<00000000000000000000000000000011>, C4<0>, C4<0>, C4<0>;
v0000000000883980_0 .net/2u *"_s12", 31 0, L_0000000002910160;  1 drivers
L_0000000002910088 .functor BUFT 1, C4<00000000000000000000000000000>, C4<0>, C4<0>, C4<0>;
v0000000000883a20_0 .net *"_s3", 28 0, L_0000000002910088;  1 drivers
L_00000000029100d0 .functor BUFT 1, C4<00000000000000000000000000000000>, C4<0>, C4<0>, C4<0>;
v00000000008fdf00_0 .net/2u *"_s4", 31 0, L_00000000029100d0;  1 drivers
v00000000008fe9a0_0 .net *"_s8", 31 0, L_00000000008fe680;  1 drivers
v00000000008fefe0_0 .net "clk", 0 0, o00000000008a1938;  alias, 0 drivers
v00000000008ff620_0 .var "degree", 2 0;
v00000000008fea40_0 .var "frac", 31 0;
v00000000008feea0_0 .net "i_rdy", 0 0, v00000000008fda00_0;  1 drivers
v00000000008ff800_0 .net "i_valid", 0 0, v00000000008ff440_0;  1 drivers
v00000000008fdd20_0 .var "int_mults", 15 0;
v00000000008fecc0_0 .net "o_rdy", 0 0, L_00000000008fe540;  alias, 1 drivers
v00000000008fdfa0_0 .net "o_valid", 0 0, L_00000000008fe2c0;  alias, 1 drivers
v00000000008fe360_0 .var "state", 2 0;
v00000000008ff1c0_0 .var "t_approx", 31 0;
v00000000008fdbe0_0 .var "t_exp", 31 0;
v00000000008ff080_0 .var "temp", 31 0;
v00000000008ff6c0_0 .net "x", 31 0, v00000000008fdaa0_0;  1 drivers
v00000000008ff760_0 .var "y", 31 0;
E_0000000000863600 .event posedge, v00000000008fefe0_0;
L_00000000008ff260 .concat [ 3 29 0 0], v00000000008fe360_0, L_0000000002910088;
L_00000000008fe540 .cmp/eq 32, L_00000000008ff260, L_00000000029100d0;
L_00000000008fe680 .concat [ 3 29 0 0], v00000000008fe360_0, L_0000000002910118;
L_00000000008fe2c0 .cmp/eq 32, L_00000000008fe680, L_0000000002910160;
    .scope S_00000000008fd6a0;
T_3 ;
    %pushi/vec4 0, 0, 3;
    %store/vec4 v00000000008fe360_0, 0, 3;
    %end;
    .thread T_3;
    .scope S_00000000008fd6a0;
T_4 ;
    %wait E_0000000000863600;
    %load/vec4 v00000000008fe360_0;
    %dup/vec4;
    %pushi/vec4 0, 0, 3;
    %cmp/u;
    %jmp/1 T_4.0, 6;
    %dup/vec4;
    %pushi/vec4 1, 0, 3;
    %cmp/u;
    %jmp/1 T_4.1, 6;
    %dup/vec4;
    %pushi/vec4 2, 0, 3;
    %cmp/u;
    %jmp/1 T_4.2, 6;
    %dup/vec4;
    %pushi/vec4 3, 0, 3;
    %cmp/u;
    %jmp/1 T_4.3, 6;
    %jmp T_4.4;
T_4.0 ;
    %load/vec4 v00000000008ff800_0;
    %flag_set/vec4 8;
    %jmp/0xz  T_4.5, 8;
    %load/vec4 v00000000008ff6c0_0;
    %parti/s 16, 15, 5;
    %assign/vec4 v00000000008fdd20_0, 0;
    %load/vec4 v00000000008ff6c0_0;
    %parti/s 1, 31, 6;
    %concati/vec4 0, 0, 16;
    %load/vec4 v00000000008ff6c0_0;
    %parti/s 15, 0, 2;
    %concat/vec4; draw_concat_vec4
    %assign/vec4 v00000000008fea40_0, 0;
    %pushi/vec4 32768, 0, 32;
    %assign/vec4 v00000000008ff760_0, 0;
    %load/vec4 v00000000008ff6c0_0;
    %parti/s 16, 15, 5;
    %pad/u 32;
    %cmpi/ne 0, 0, 32;
    %jmp/0xz  T_4.7, 4;
    %pushi/vec4 1, 0, 3;
    %assign/vec4 v00000000008fe360_0, 0;
    %jmp T_4.8;
T_4.7 ;
    %pushi/vec4 2, 0, 3;
    %assign/vec4 v00000000008ff620_0, 0;
    %pushi/vec4 32768, 0, 32;
    %load/vec4 v00000000008ff6c0_0;
    %parti/s 1, 31, 6;
    %concati/vec4 0, 0, 16;
    %load/vec4 v00000000008ff6c0_0;
    %parti/s 15, 0, 2;
    %concat/vec4; draw_concat_vec4
    %store/vec4 v0000000000884420_0, 0, 32;
    %store/vec4 v0000000000883d40_0, 0, 32;
    %fork TD_add, S_00000000008653d0;
    %join;
    %load/vec4  v0000000000884560_0;
    %assign/vec4 v00000000008ff1c0_0, 0;
    %load/vec4 v00000000008ff6c0_0;
    %parti/s 1, 31, 6;
    %concati/vec4 0, 0, 16;
    %load/vec4 v00000000008ff6c0_0;
    %parti/s 15, 0, 2;
    %concat/vec4; draw_concat_vec4
    %assign/vec4 v00000000008fdbe0_0, 0;
    %pushi/vec4 2, 0, 3;
    %assign/vec4 v00000000008fe360_0, 0;
T_4.8 ;
T_4.5 ;
    %jmp T_4.4;
T_4.1 ;
    %load/vec4 v00000000008fdd20_0;
    %subi 1, 0, 16;
    %assign/vec4 v00000000008fdd20_0, 0;
    %load/vec4 v00000000008fdd20_0;
    %pad/u 32;
    %cmpi/e 1, 0, 32;
    %jmp/0xz  T_4.9, 4;
    %pushi/vec4 2, 0, 3;
    %assign/vec4 v00000000008ff620_0, 0;
    %pushi/vec4 32768, 0, 32;
    %load/vec4 v00000000008fea40_0;
    %store/vec4 v0000000000884420_0, 0, 32;
    %store/vec4 v0000000000883d40_0, 0, 32;
    %fork TD_add, S_00000000008653d0;
    %join;
    %load/vec4  v0000000000884560_0;
    %store/vec4 v00000000008ff1c0_0, 0, 32;
    %load/vec4 v00000000008fea40_0;
    %store/vec4 v00000000008fdbe0_0, 0, 32;
    %pushi/vec4 2, 0, 3;
    %assign/vec4 v00000000008fe360_0, 0;
T_4.9 ;
    %load/vec4 v00000000008fea40_0;
    %parti/s 1, 31, 6;
    %flag_set/vec4 8;
    %jmp/0xz  T_4.11, 8;
    %load/vec4 v00000000008ff760_0;
    %pushi/vec4 12054, 0, 32;
    %store/vec4 v00000000008837a0_0, 0, 32;
    %store/vec4 v0000000000883b60_0, 0, 32;
    %fork TD_mult, S_000000000089a0b0;
    %join;
    %load/vec4  v00000000008842e0_0;
    %assign/vec4 v00000000008ff760_0, 0;
    %jmp T_4.12;
T_4.11 ;
    %load/vec4 v00000000008ff760_0;
    %pushi/vec4 89072, 0, 32;
    %store/vec4 v00000000008837a0_0, 0, 32;
    %store/vec4 v0000000000883b60_0, 0, 32;
    %fork TD_mult, S_000000000089a0b0;
    %join;
    %load/vec4  v00000000008842e0_0;
    %assign/vec4 v00000000008ff760_0, 0;
T_4.12 ;
    %jmp T_4.4;
T_4.2 ;
    %load/vec4 v00000000008ff620_0;
    %addi 1, 0, 3;
    %assign/vec4 v00000000008ff620_0, 0;
    %load/vec4 v00000000008fdbe0_0;
    %load/vec4 v00000000008fea40_0;
    %store/vec4 v00000000008837a0_0, 0, 32;
    %store/vec4 v0000000000883b60_0, 0, 32;
    %fork TD_mult, S_000000000089a0b0;
    %join;
    %load/vec4  v00000000008842e0_0;
    %store/vec4 v00000000008fdbe0_0, 0, 32;
    %load/vec4 v00000000008fdbe0_0;
    %pushi/vec4 4026531840, 0, 42;
    %concati/vec4 3221225472, 0, 34;
    %concati/vec4 3221225472, 0, 34;
    %concati/vec4 2147483648, 0, 33;
    %concati/vec4 2147483648, 0, 33;
    %concati/vec4 32768, 0, 16;
    %load/vec4 v00000000008ff620_0;
    %pad/u 32;
    %muli 32, 0, 32;
    %ix/vec4 4;
    %shiftr 4;
    %store/vec4 v0000000000883700_0, 0, 32;
    %store/vec4 v0000000000884060_0, 0, 32;
    %fork TD_div, S_0000000000899f30;
    %join;
    %load/vec4  v0000000000883fc0_0;
    %store/vec4 v00000000008ff080_0, 0, 32;
    %load/vec4 v00000000008ff1c0_0;
    %load/vec4 v00000000008ff080_0;
    %store/vec4 v0000000000884420_0, 0, 32;
    %store/vec4 v0000000000883d40_0, 0, 32;
    %fork TD_add, S_00000000008653d0;
    %join;
    %load/vec4  v0000000000884560_0;
    %store/vec4 v00000000008ff1c0_0, 0, 32;
    %load/vec4 v00000000008ff620_0;
    %pad/u 32;
    %cmpi/e 5, 0, 32;
    %jmp/0xz  T_4.13, 4;
    %pushi/vec4 3, 0, 3;
    %assign/vec4 v00000000008fe360_0, 0;
    %load/vec4 v00000000008ff760_0;
    %load/vec4 v00000000008ff1c0_0;
    %store/vec4 v00000000008837a0_0, 0, 32;
    %store/vec4 v0000000000883b60_0, 0, 32;
    %fork TD_mult, S_000000000089a0b0;
    %join;
    %load/vec4  v00000000008842e0_0;
    %assign/vec4 v00000000008ff760_0, 0;
T_4.13 ;
    %jmp T_4.4;
T_4.3 ;
    %load/vec4 v00000000008feea0_0;
    %flag_set/vec4 8;
    %jmp/0xz  T_4.15, 8;
    %pushi/vec4 0, 0, 3;
    %assign/vec4 v00000000008fe360_0, 0;
T_4.15 ;
    %jmp T_4.4;
T_4.4 ;
    %pop/vec4 1;
    %jmp T_4;
    .thread T_4;
    .scope S_0000000000870300;
T_5 ;
    %pushi/vec4 0, 0, 32;
    %store/vec4 v00000000008fed60_0, 0, 32;
    %end;
    .thread T_5;
    .scope S_0000000000870300;
T_6 ;
    %pushi/vec4 0, 0, 32;
    %store/vec4 v00000000008fe220_0, 0, 32;
    %end;
    .thread T_6;
    .scope S_0000000000870300;
T_7 ;
    %pushi/vec4 0, 0, 3;
    %store/vec4 v00000000008fee00_0, 0, 3;
    %end;
    .thread T_7;
    .scope S_0000000000870300;
T_8 ;
    %wait E_0000000000863600;
    %load/vec4 v00000000008fee00_0;
    %dup/vec4;
    %pushi/vec4 0, 0, 3;
    %cmp/u;
    %jmp/1 T_8.0, 6;
    %dup/vec4;
    %pushi/vec4 1, 0, 3;
    %cmp/u;
    %jmp/1 T_8.1, 6;
    %dup/vec4;
    %pushi/vec4 2, 0, 3;
    %cmp/u;
    %jmp/1 T_8.2, 6;
    %dup/vec4;
    %pushi/vec4 3, 0, 3;
    %cmp/u;
    %jmp/1 T_8.3, 6;
    %jmp T_8.4;
T_8.0 ;
    %load/vec4 v00000000008fef40_0;
    %flag_set/vec4 8;
    %jmp/0xz  T_8.5, 8;
    %load/vec4 v00000000008fddc0_0;
    %load/vec4 v00000000008fe4a0_0;
    %pad/u 5;
    %ix/vec4 3;
    %ix/load 4, 0, 0; Constant delay
    %assign/vec4/a/d v00000000008feb80, 0, 4;
    %load/vec4 v00000000008fddc0_0;
    %parti/s 1, 31, 6;
    %pad/u 32;
    %pushi/vec4 0, 0, 32;
    %cmp/e;
    %flag_get/vec4 4;
    %load/vec4 v00000000008fed60_0;
    %load/vec4 v00000000008fddc0_0;
    %cmp/u;
    %flag_get/vec4 5;
    %and;
    %flag_set/vec4 8;
    %jmp/0xz  T_8.7, 8;
    %load/vec4 v00000000008fddc0_0;
    %assign/vec4 v00000000008fed60_0, 0;
T_8.7 ;
    %load/vec4 v00000000008fe4a0_0;
    %pad/u 32;
    %cmpi/e 9, 0, 32;
    %jmp/0xz  T_8.9, 4;
    %pushi/vec4 1, 0, 3;
    %assign/vec4 v00000000008fee00_0, 0;
    %pushi/vec4 0, 0, 4;
    %assign/vec4 v00000000008ff4e0_0, 0;
T_8.9 ;
T_8.5 ;
    %jmp T_8.4;
T_8.1 ;
    %load/vec4 v00000000008fe180_0;
    %flag_set/vec4 8;
    %jmp/0xz  T_8.11, 8;
    %load/vec4 v00000000008fe400_0;
    %load/vec4 v00000000008ff4e0_0;
    %pad/u 5;
    %ix/vec4 3;
    %ix/load 4, 0, 0; Constant delay
    %assign/vec4/a/d v00000000008feb80, 0, 4;
    %load/vec4 v00000000008fe220_0;
    %load/vec4 v00000000008fe400_0;
    %store/vec4 v0000000000884420_0, 0, 32;
    %store/vec4 v0000000000883d40_0, 0, 32;
    %fork TD_add, S_00000000008653d0;
    %join;
    %load/vec4  v0000000000884560_0;
    %assign/vec4 v00000000008fe220_0, 0;
    %pushi/vec4 0, 0, 1;
    %assign/vec4 v00000000008fda00_0, 0;
    %load/vec4 v00000000008ff4e0_0;
    %addi 1, 0, 4;
    %assign/vec4 v00000000008ff4e0_0, 0;
    %load/vec4 v00000000008ff4e0_0;
    %pad/u 32;
    %cmpi/e 9, 0, 32;
    %jmp/0xz  T_8.13, 4;
    %pushi/vec4 2, 0, 3;
    %assign/vec4 v00000000008fee00_0, 0;
    %pushi/vec4 0, 0, 4;
    %assign/vec4 v00000000008ff4e0_0, 0;
T_8.13 ;
    %jmp T_8.12;
T_8.11 ;
    %load/vec4 v00000000008fda00_0;
    %pad/u 32;
    %cmpi/e 0, 0, 32;
    %jmp/0xz  T_8.15, 4;
    %load/vec4 v00000000008ff4e0_0;
    %pad/u 5;
    %ix/vec4 4;
    %load/vec4a v00000000008feb80, 4;
    %load/vec4 v00000000008fed60_0;
    %parti/s 1, 31, 6;
    %inv;
    %load/vec4 v00000000008fed60_0;
    %parti/s 31, 0, 2;
    %concat/vec4; draw_concat_vec4
    %store/vec4 v0000000000884420_0, 0, 32;
    %store/vec4 v0000000000883d40_0, 0, 32;
    %fork TD_add, S_00000000008653d0;
    %join;
    %load/vec4  v0000000000884560_0;
    %assign/vec4 v00000000008fdaa0_0, 0;
    %pushi/vec4 1, 0, 1;
    %assign/vec4 v00000000008ff440_0, 0;
    %pushi/vec4 1, 0, 1;
    %assign/vec4 v00000000008fda00_0, 0;
    %jmp T_8.16;
T_8.15 ;
    %load/vec4 v00000000008fec20_0;
    %flag_set/vec4 8;
    %jmp/0xz  T_8.17, 8;
    %pushi/vec4 0, 0, 1;
    %assign/vec4 v00000000008ff440_0, 0;
T_8.17 ;
T_8.16 ;
T_8.12 ;
    %jmp T_8.4;
T_8.2 ;
    %load/vec4 v00000000008ff4e0_0;
    %pad/u 5;
    %ix/vec4 4;
    %load/vec4a v00000000008feb80, 4;
    %load/vec4 v00000000008fe220_0;
    %store/vec4 v0000000000883700_0, 0, 32;
    %store/vec4 v0000000000884060_0, 0, 32;
    %fork TD_div, S_0000000000899f30;
    %join;
    %load/vec4  v0000000000883fc0_0;
    %load/vec4 v00000000008ff4e0_0;
    %pad/u 5;
    %ix/vec4 3;
    %ix/load 4, 0, 0; Constant delay
    %assign/vec4/a/d v00000000008feb80, 0, 4;
    %load/vec4 v00000000008ff4e0_0;
    %pad/u 32;
    %cmpi/e 9, 0, 32;
    %jmp/0xz  T_8.19, 4;
    %ix/load 4, 0, 0;
    %flag_set/imm 4, 0;
    %load/vec4a v00000000008feb80, 4;
    %assign/vec4 v00000000008ff120_0, 0;
    %pushi/vec4 0, 0, 4;
    %assign/vec4 v00000000008ff4e0_0, 0;
    %pushi/vec4 3, 0, 3;
    %assign/vec4 v00000000008fee00_0, 0;
    %jmp T_8.20;
T_8.19 ;
    %load/vec4 v00000000008ff4e0_0;
    %addi 1, 0, 4;
    %assign/vec4 v00000000008ff4e0_0, 0;
T_8.20 ;
    %jmp T_8.4;
T_8.3 ;
    %load/vec4 v00000000008fdb40_0;
    %flag_set/vec4 8;
    %jmp/0xz  T_8.21, 8;
    %load/vec4 v00000000008fe0e0_0;
    %pad/u 32;
    %cmpi/e 9, 0, 32;
    %jmp/0xz  T_8.23, 4;
    %pushi/vec4 0, 0, 3;
    %assign/vec4 v00000000008fee00_0, 0;
    %jmp T_8.24;
T_8.23 ;
    %load/vec4 v00000000008fe0e0_0;
    %pad/u 33;
    %addi 1, 0, 33;
    %ix/vec4 4;
    %load/vec4a v00000000008feb80, 4;
    %assign/vec4 v00000000008ff120_0, 0;
    %load/vec4 v00000000008fe0e0_0;
    %addi 1, 0, 4;
    %assign/vec4 v00000000008fe0e0_0, 0;
T_8.24 ;
T_8.21 ;
    %jmp T_8.4;
T_8.4 ;
    %pop/vec4 1;
    %jmp T_8;
    .thread T_8;
# The file index is used to find the file name in the following table.
:file_names 5;
    "N/A";
    "<interactive>";
    "./arith.vh";
    "softmax.v";
    "exp.v";
