#! c:/iverilog-x64/bin/vvp
:ivl_version "10.1 (stable)" "(v10_1_1)";
:ivl_delay_selection "TYPICAL";
:vpi_time_precision - 12;
:vpi_module "system";
:vpi_module "vhdl_sys";
:vpi_module "v2005_math";
:vpi_module "va_math";
S_0000000000906480 .scope module, "div_tb" "div_tb" 2 3;
 .timescale -9 -12;
P_00000000026b87f0 .param/l "WIDTH" 0 2 7, +C4<00000000000000000000000000010000>;
v000000000270fd70_0 .var/i "j", 31 0;
v000000000270fe10_0 .var/i "k", 31 0;
S_0000000000906600 .scope function, "div" "div" 2 8, 2 8 0, S_0000000000906480;
 .timescale -9 -12;
v00000000026bef30_0 .var "div", 15 0;
v0000000000906d20_0 .var "dividend", 15 0;
v00000000026bbc00_0 .var "divisor", 15 0;
v0000000000906780_0 .var/i "i", 31 0;
v000000000270fcd0_0 .var "temp", 16 0;
TD_div_tb.div ;
    %pushi/vec4 0, 0, 17;
    %store/vec4 v000000000270fcd0_0, 0, 17;
    %load/vec4 v0000000000906d20_0;
    %store/vec4 v00000000026bef30_0, 0, 16;
    %pushi/vec4 0, 0, 32;
    %store/vec4 v0000000000906780_0, 0, 32;
T_0.0 ;
    %load/vec4 v0000000000906780_0;
    %cmpi/s 16, 0, 32;
    %jmp/0xz T_0.1, 5;
    %load/vec4 v000000000270fcd0_0;
    %ix/load 4, 1, 0;
    %flag_set/imm 4, 0;
    %shiftl 4;
    %store/vec4 v000000000270fcd0_0, 0, 17;
    %load/vec4 v00000000026bef30_0;
    %parti/s 1, 15, 5;
    %ix/load 4, 0, 0;
    %flag_set/imm 4, 0;
    %store/vec4 v000000000270fcd0_0, 4, 1;
    %load/vec4 v00000000026bef30_0;
    %ix/load 4, 1, 0;
    %flag_set/imm 4, 0;
    %shiftl 4;
    %store/vec4 v00000000026bef30_0, 0, 16;
    %load/vec4 v000000000270fcd0_0;
    %load/vec4 v00000000026bbc00_0;
    %pad/u 17;
    %sub;
    %store/vec4 v000000000270fcd0_0, 0, 17;
    %load/vec4 v000000000270fcd0_0;
    %parti/s 1, 16, 6;
    %pad/u 32;
    %cmpi/e 1, 0, 32;
    %jmp/0xz  T_0.2, 4;
    %pushi/vec4 0, 0, 1;
    %ix/load 4, 0, 0;
    %flag_set/imm 4, 0;
    %store/vec4 v00000000026bef30_0, 4, 1;
    %load/vec4 v000000000270fcd0_0;
    %load/vec4 v00000000026bbc00_0;
    %pad/u 17;
    %add;
    %store/vec4 v000000000270fcd0_0, 0, 17;
    %jmp T_0.3;
T_0.2 ;
    %pushi/vec4 1, 0, 1;
    %ix/load 4, 0, 0;
    %flag_set/imm 4, 0;
    %store/vec4 v00000000026bef30_0, 4, 1;
T_0.3 ;
    %load/vec4 v0000000000906780_0;
    %addi 1, 0, 32;
    %store/vec4 v0000000000906780_0, 0, 32;
    %jmp T_0.0;
T_0.1 ;
    %end;
    .scope S_0000000000906480;
T_1 ;
    %pushi/vec4 0, 0, 32;
    %store/vec4 v000000000270fe10_0, 0, 32;
T_1.0 ;
    %load/vec4 v000000000270fe10_0;
    %cmpi/s 10, 0, 32;
    %jmp/0xz T_1.1, 5;
    %pushi/vec4 0, 0, 32;
    %store/vec4 v000000000270fd70_0, 0, 32;
T_1.2 ;
    %load/vec4 v000000000270fd70_0;
    %cmpi/s 10, 0, 32;
    %jmp/0xz T_1.3, 5;
    %load/vec4 v000000000270fe10_0;
    %load/vec4 v000000000270fd70_0;
    %store/vec4 v00000000026bbc00_0, 0, 16;
    %store/vec4 v0000000000906d20_0, 0, 16;
    %fork TD_div_tb.div, S_0000000000906600;
    %join;
    %load/vec4  v00000000026bef30_0;
    %vpi_call 2 32 "$display", "Out (%d, %d): %d", v000000000270fe10_0, v000000000270fd70_0, S<0,vec4,u16> {1 0 0};
    %load/vec4 v000000000270fd70_0;
    %addi 1, 0, 32;
    %store/vec4 v000000000270fd70_0, 0, 32;
    %jmp T_1.2;
T_1.3 ;
    %load/vec4 v000000000270fe10_0;
    %addi 1, 0, 32;
    %store/vec4 v000000000270fe10_0, 0, 32;
    %jmp T_1.0;
T_1.1 ;
    %end;
    .thread T_1;
# The file index is used to find the file name in the following table.
:file_names 3;
    "N/A";
    "<interactive>";
    "div_tb.v";
