#! c:/iverilog-x64/bin/vvp
:ivl_version "10.1 (stable)" "(v10_1_1)";
:ivl_delay_selection "TYPICAL";
:vpi_time_precision - 12;
:vpi_module "system";
:vpi_module "vhdl_sys";
:vpi_module "v2005_math";
:vpi_module "va_math";
:vpi_module "v2009";
S_00000000026e21d0 .scope function, "add" "add" 2 40;
 .timescale 0 0;
v00000000026d40a0_0 .var "a", 31 0;
v00000000026d11c0_0 .var "add", 31 0;
v00000000026e24d0_0 .var "b", 31 0;
TD_add ;
    %load/vec4 v00000000026d40a0_0;
    %parti/s 1, 31, 6;
    %load/vec4 v00000000026e24d0_0;
    %parti/s 1, 31, 6;
    %cmp/e;
    %jmp/0xz  T_0.0, 4;
    %load/vec4 v00000000026d40a0_0;
    %parti/s 31, 0, 2;
    %load/vec4 v00000000026e24d0_0;
    %parti/s 31, 0, 2;
    %add;
    %ix/load 4, 0, 0;
    %flag_set/imm 4, 0;
    %store/vec4 v00000000026d11c0_0, 4, 31;
    %load/vec4 v00000000026d40a0_0;
    %parti/s 1, 31, 6;
    %ix/load 4, 31, 0;
    %flag_set/imm 4, 0;
    %store/vec4 v00000000026d11c0_0, 4, 1;
    %jmp T_0.1;
T_0.0 ;
    %load/vec4 v00000000026d40a0_0;
    %parti/s 1, 31, 6;
    %pad/u 32;
    %pushi/vec4 0, 0, 32;
    %cmp/e;
    %flag_get/vec4 4;
    %load/vec4 v00000000026e24d0_0;
    %parti/s 1, 31, 6;
    %pad/u 32;
    %pushi/vec4 1, 0, 32;
    %cmp/e;
    %flag_get/vec4 4;
    %and;
    %flag_set/vec4 8;
    %jmp/0xz  T_0.2, 8;
    %load/vec4 v00000000026e24d0_0;
    %parti/s 31, 0, 2;
    %load/vec4 v00000000026d40a0_0;
    %parti/s 31, 0, 2;
    %cmp/u;
    %jmp/0xz  T_0.4, 5;
    %load/vec4 v00000000026d40a0_0;
    %parti/s 31, 0, 2;
    %load/vec4 v00000000026e24d0_0;
    %parti/s 31, 0, 2;
    %sub;
    %ix/load 4, 0, 0;
    %flag_set/imm 4, 0;
    %store/vec4 v00000000026d11c0_0, 4, 31;
    %pushi/vec4 0, 0, 1;
    %ix/load 4, 31, 0;
    %flag_set/imm 4, 0;
    %store/vec4 v00000000026d11c0_0, 4, 1;
    %jmp T_0.5;
T_0.4 ;
    %load/vec4 v00000000026e24d0_0;
    %parti/s 31, 0, 2;
    %load/vec4 v00000000026d40a0_0;
    %parti/s 31, 0, 2;
    %sub;
    %ix/load 4, 0, 0;
    %flag_set/imm 4, 0;
    %store/vec4 v00000000026d11c0_0, 4, 31;
    %load/vec4 v00000000026d11c0_0;
    %parti/s 31, 0, 2;
    %pad/u 32;
    %cmpi/e 0, 0, 32;
    %jmp/0xz  T_0.6, 4;
    %pushi/vec4 0, 0, 1;
    %ix/load 4, 31, 0;
    %flag_set/imm 4, 0;
    %store/vec4 v00000000026d11c0_0, 4, 1;
    %jmp T_0.7;
T_0.6 ;
    %pushi/vec4 1, 0, 1;
    %ix/load 4, 31, 0;
    %flag_set/imm 4, 0;
    %store/vec4 v00000000026d11c0_0, 4, 1;
T_0.7 ;
T_0.5 ;
    %jmp T_0.3;
T_0.2 ;
    %load/vec4 v00000000026e24d0_0;
    %parti/s 31, 0, 2;
    %load/vec4 v00000000026d40a0_0;
    %parti/s 31, 0, 2;
    %cmp/u;
    %jmp/0xz  T_0.8, 5;
    %load/vec4 v00000000026d40a0_0;
    %parti/s 31, 0, 2;
    %load/vec4 v00000000026e24d0_0;
    %parti/s 31, 0, 2;
    %sub;
    %ix/load 4, 0, 0;
    %flag_set/imm 4, 0;
    %store/vec4 v00000000026d11c0_0, 4, 31;
    %load/vec4 v00000000026d11c0_0;
    %parti/s 31, 0, 2;
    %pad/u 32;
    %cmpi/e 0, 0, 32;
    %jmp/0xz  T_0.10, 4;
    %pushi/vec4 0, 0, 1;
    %ix/load 4, 31, 0;
    %flag_set/imm 4, 0;
    %store/vec4 v00000000026d11c0_0, 4, 1;
    %jmp T_0.11;
T_0.10 ;
    %pushi/vec4 1, 0, 1;
    %ix/load 4, 31, 0;
    %flag_set/imm 4, 0;
    %store/vec4 v00000000026d11c0_0, 4, 1;
T_0.11 ;
    %jmp T_0.9;
T_0.8 ;
    %load/vec4 v00000000026e24d0_0;
    %parti/s 31, 0, 2;
    %load/vec4 v00000000026d40a0_0;
    %parti/s 31, 0, 2;
    %sub;
    %ix/load 4, 0, 0;
    %flag_set/imm 4, 0;
    %store/vec4 v00000000026d11c0_0, 4, 31;
    %pushi/vec4 0, 0, 1;
    %ix/load 4, 31, 0;
    %flag_set/imm 4, 0;
    %store/vec4 v00000000026d11c0_0, 4, 1;
T_0.9 ;
T_0.3 ;
T_0.1 ;
    %end;
S_00000000026e2350 .scope function, "div" "div" 2 4;
 .timescale 0 0;
v000000000275ab40_0 .var "div", 31 0;
v000000000275a8c0_0 .var "dividend", 31 0;
v0000000002759ce0_0 .var "divisor", 31 0;
v000000000275a500_0 .var/i "i", 31 0;
v000000000275a6e0_0 .var "scl_divd", 31 0;
v0000000002759ec0_0 .var "temp", 31 0;
TD_div ;
    %pushi/vec4 0, 0, 32;
    %store/vec4 v0000000002759ec0_0, 0, 32;
    %pushi/vec4 0, 0, 32;
    %store/vec4 v000000000275ab40_0, 0, 32;
    %load/vec4 v000000000275a8c0_0;
    %ix/load 4, 15, 0;
    %flag_set/imm 4, 0;
    %shiftl 4;
    %store/vec4 v000000000275a6e0_0, 0, 32;
    %pushi/vec4 0, 0, 32;
    %store/vec4 v000000000275a500_0, 0, 32;
T_1.12 ;
    %load/vec4 v000000000275a500_0;
    %cmpi/s 31, 0, 32;
    %jmp/0xz T_1.13, 5;
    %load/vec4 v0000000002759ec0_0;
    %ix/load 4, 1, 0;
    %flag_set/imm 4, 0;
    %shiftl 4;
    %store/vec4 v0000000002759ec0_0, 0, 32;
    %load/vec4 v000000000275a6e0_0;
    %pushi/vec4 30, 0, 32;
    %load/vec4 v000000000275a500_0;
    %sub;
    %part/s 1;
    %ix/load 4, 0, 0;
    %flag_set/imm 4, 0;
    %store/vec4 v0000000002759ec0_0, 4, 1;
    %load/vec4 v000000000275ab40_0;
    %ix/load 4, 1, 0;
    %flag_set/imm 4, 0;
    %shiftl 4;
    %store/vec4 v000000000275ab40_0, 0, 32;
    %load/vec4 v0000000002759ec0_0;
    %load/vec4 v0000000002759ce0_0;
    %sub;
    %store/vec4 v0000000002759ec0_0, 0, 32;
    %load/vec4 v0000000002759ec0_0;
    %parti/s 1, 31, 6;
    %pad/u 32;
    %cmpi/e 1, 0, 32;
    %jmp/0xz  T_1.14, 4;
    %pushi/vec4 0, 0, 1;
    %ix/load 4, 0, 0;
    %flag_set/imm 4, 0;
    %store/vec4 v000000000275ab40_0, 4, 1;
    %load/vec4 v0000000002759ec0_0;
    %load/vec4 v0000000002759ce0_0;
    %add;
    %store/vec4 v0000000002759ec0_0, 0, 32;
    %jmp T_1.15;
T_1.14 ;
    %pushi/vec4 1, 0, 1;
    %ix/load 4, 0, 0;
    %flag_set/imm 4, 0;
    %store/vec4 v000000000275ab40_0, 4, 1;
T_1.15 ;
    %load/vec4 v000000000275a500_0;
    %addi 1, 0, 32;
    %store/vec4 v000000000275a500_0, 0, 32;
    %jmp T_1.12;
T_1.13 ;
    %load/vec4 v000000000275a8c0_0;
    %parti/s 1, 31, 6;
    %load/vec4 v0000000002759ce0_0;
    %parti/s 1, 31, 6;
    %xor;
    %ix/load 4, 31, 0;
    %flag_set/imm 4, 0;
    %store/vec4 v000000000275ab40_0, 4, 1;
    %end;
S_00000000026d0ec0 .scope function, "mult" "mult" 2 29;
 .timescale 0 0;
v000000000275a320_0 .var "i_multiplicand", 31 0;
v000000000275a0a0_0 .var "i_multiplier", 31 0;
v000000000275a960_0 .var "mult", 31 0;
v000000000275a460_0 .var "r_result", 63 0;
TD_mult ;
    %load/vec4 v000000000275a320_0;
    %parti/s 31, 0, 2;
    %pad/u 64;
    %load/vec4 v000000000275a0a0_0;
    %parti/s 31, 0, 2;
    %pad/u 64;
    %mul;
    %store/vec4 v000000000275a460_0, 0, 64;
    %load/vec4 v000000000275a0a0_0;
    %parti/s 1, 31, 6;
    %load/vec4 v000000000275a320_0;
    %parti/s 1, 31, 6;
    %xor;
    %ix/load 4, 31, 0;
    %flag_set/imm 4, 0;
    %store/vec4 v000000000275a960_0, 4, 1;
    %load/vec4 v000000000275a460_0;
    %parti/s 31, 15, 5;
    %ix/load 4, 0, 0;
    %flag_set/imm 4, 0;
    %store/vec4 v000000000275a960_0, 4, 31;
    %end;
S_00000000026d1040 .scope module, "new_exp_tb" "new_exp_tb" 3 3;
 .timescale -9 -12;
v000000000275bdd0_0 .var "clk", 0 0;
v000000000275c0f0_0 .var "i_rdy", 0 0;
v000000000275b970_0 .var "i_valid", 0 0;
v000000000275c4b0_0 .net "o_rdy", 0 0, L_000000000275b790;  1 drivers
v000000000275c230_0 .net "o_valid", 0 0, L_000000000275d130;  1 drivers
v000000000275bf10_0 .var "x", 31 0;
v000000000275d310_0 .net "y", 31 0, v000000000275be70_0;  1 drivers
S_000000000275b430 .scope module, "exp_module" "new_exp" 3 14, 4 3 0, S_00000000026d1040;
 .timescale 0 0;
    .port_info 0 /INPUT 1 "clk"
    .port_info 1 /INPUT 32 "x"
    .port_info 2 /INPUT 1 "i_valid"
    .port_info 3 /INPUT 1 "i_rdy"
    .port_info 4 /OUTPUT 1 "o_valid"
    .port_info 5 /OUTPUT 1 "o_rdy"
    .port_info 6 /OUTPUT 32 "y"
P_000000000275b5b0 .param/l "IDLE" 0 4 18, +C4<00000000000000000000000000000000>;
P_000000000275b5e8 .param/l "INT_MULT" 0 4 19, +C4<00000000000000000000000000000001>;
P_000000000275b620 .param/l "OUT" 0 4 21, +C4<00000000000000000000000000000011>;
P_000000000275b658 .param/l "T_MULT" 0 4 20, +C4<00000000000000000000000000000010>;
P_000000000275b690 .param/l "e" 0 4 14, C4<00000000000000010101101111110000>;
P_000000000275b6c8 .param/l "e_inv" 0 4 15, C4<00000000000000000010111100010110>;
P_000000000275b700 .param/l "fp_fact" 0 4 16, C4<000000000011110000000000000000000000000000001100000000000000000000000000000000110000000000000000000000000000000100000000000000000000000000000000100000000000000000000000000000001000000000000000>;
v0000000002759e20_0 .net *"_s0", 31 0, L_000000000275b830;  1 drivers
L_0000000002780118 .functor BUFT 1, C4<00000000000000000000000000000>, C4<0>, C4<0>, C4<0>;
v0000000002759d80_0 .net *"_s11", 28 0, L_0000000002780118;  1 drivers
L_0000000002780160 .functor BUFT 1, C4<00000000000000000000000000000011>, C4<0>, C4<0>, C4<0>;
v000000000275a5a0_0 .net/2u *"_s12", 31 0, L_0000000002780160;  1 drivers
L_0000000002780088 .functor BUFT 1, C4<00000000000000000000000000000>, C4<0>, C4<0>, C4<0>;
v000000000275a640_0 .net *"_s3", 28 0, L_0000000002780088;  1 drivers
L_00000000027800d0 .functor BUFT 1, C4<00000000000000000000000000000000>, C4<0>, C4<0>, C4<0>;
v000000000275a820_0 .net/2u *"_s4", 31 0, L_00000000027800d0;  1 drivers
v000000000275a780_0 .net *"_s8", 31 0, L_000000000275bd30;  1 drivers
v0000000002759f60_0 .net "clk", 0 0, v000000000275bdd0_0;  1 drivers
v000000000275aa00_0 .var "degree", 2 0;
v000000000275abe0_0 .var "frac", 31 0;
v000000000275a000_0 .net "i_rdy", 0 0, v000000000275c0f0_0;  1 drivers
v000000000275aaa0_0 .net "i_valid", 0 0, v000000000275b970_0;  1 drivers
v000000000275a280_0 .var "int_mults", 15 0;
v000000000275a140_0 .net "o_rdy", 0 0, L_000000000275b790;  alias, 1 drivers
v000000000275a1e0_0 .net "o_valid", 0 0, L_000000000275d130;  alias, 1 drivers
v000000000275a3c0_0 .var "state", 2 0;
v000000000275ccd0_0 .var "t_approx", 31 0;
v000000000275c190_0 .var "t_exp", 31 0;
v000000000275c5f0_0 .var "temp", 31 0;
v000000000275b8d0_0 .net "x", 31 0, v000000000275bf10_0;  1 drivers
v000000000275be70_0 .var "y", 31 0;
E_00000000026f6880 .event posedge, v0000000002759f60_0;
L_000000000275b830 .concat [ 3 29 0 0], v000000000275a3c0_0, L_0000000002780088;
L_000000000275b790 .cmp/eq 32, L_000000000275b830, L_00000000027800d0;
L_000000000275bd30 .concat [ 3 29 0 0], v000000000275a3c0_0, L_0000000002780118;
L_000000000275d130 .cmp/eq 32, L_000000000275bd30, L_0000000002780160;
    .scope S_000000000275b430;
T_3 ;
    %pushi/vec4 0, 0, 3;
    %store/vec4 v000000000275a3c0_0, 0, 3;
    %end;
    .thread T_3;
    .scope S_000000000275b430;
T_4 ;
    %wait E_00000000026f6880;
    %load/vec4 v000000000275a3c0_0;
    %dup/vec4;
    %pushi/vec4 0, 0, 3;
    %cmp/u;
    %jmp/1 T_4.0, 6;
    %dup/vec4;
    %pushi/vec4 1, 0, 3;
    %cmp/u;
    %jmp/1 T_4.1, 6;
    %dup/vec4;
    %pushi/vec4 2, 0, 3;
    %cmp/u;
    %jmp/1 T_4.2, 6;
    %dup/vec4;
    %pushi/vec4 3, 0, 3;
    %cmp/u;
    %jmp/1 T_4.3, 6;
    %jmp T_4.4;
T_4.0 ;
    %load/vec4 v000000000275aaa0_0;
    %flag_set/vec4 8;
    %jmp/0xz  T_4.5, 8;
    %load/vec4 v000000000275b8d0_0;
    %parti/s 16, 15, 5;
    %assign/vec4 v000000000275a280_0, 0;
    %load/vec4 v000000000275b8d0_0;
    %parti/s 1, 31, 6;
    %concati/vec4 0, 0, 16;
    %load/vec4 v000000000275b8d0_0;
    %parti/s 15, 0, 2;
    %concat/vec4; draw_concat_vec4
    %assign/vec4 v000000000275abe0_0, 0;
    %pushi/vec4 32768, 0, 32;
    %assign/vec4 v000000000275be70_0, 0;
    %load/vec4 v000000000275b8d0_0;
    %parti/s 16, 15, 5;
    %pad/u 32;
    %cmpi/ne 0, 0, 32;
    %jmp/0xz  T_4.7, 4;
    %pushi/vec4 1, 0, 3;
    %assign/vec4 v000000000275a3c0_0, 0;
    %jmp T_4.8;
T_4.7 ;
    %pushi/vec4 2, 0, 3;
    %assign/vec4 v000000000275aa00_0, 0;
    %pushi/vec4 32768, 0, 32;
    %load/vec4 v000000000275b8d0_0;
    %parti/s 1, 31, 6;
    %concati/vec4 0, 0, 16;
    %load/vec4 v000000000275b8d0_0;
    %parti/s 15, 0, 2;
    %concat/vec4; draw_concat_vec4
    %store/vec4 v00000000026e24d0_0, 0, 32;
    %store/vec4 v00000000026d40a0_0, 0, 32;
    %fork TD_add, S_00000000026e21d0;
    %join;
    %load/vec4  v00000000026d11c0_0;
    %assign/vec4 v000000000275ccd0_0, 0;
    %load/vec4 v000000000275b8d0_0;
    %parti/s 1, 31, 6;
    %concati/vec4 0, 0, 16;
    %load/vec4 v000000000275b8d0_0;
    %parti/s 15, 0, 2;
    %concat/vec4; draw_concat_vec4
    %assign/vec4 v000000000275c190_0, 0;
    %pushi/vec4 2, 0, 3;
    %assign/vec4 v000000000275a3c0_0, 0;
T_4.8 ;
T_4.5 ;
    %jmp T_4.4;
T_4.1 ;
    %load/vec4 v000000000275a280_0;
    %subi 1, 0, 16;
    %assign/vec4 v000000000275a280_0, 0;
    %load/vec4 v000000000275a280_0;
    %pad/u 32;
    %cmpi/e 1, 0, 32;
    %jmp/0xz  T_4.9, 4;
    %pushi/vec4 2, 0, 3;
    %assign/vec4 v000000000275aa00_0, 0;
    %pushi/vec4 32768, 0, 32;
    %load/vec4 v000000000275abe0_0;
    %store/vec4 v00000000026e24d0_0, 0, 32;
    %store/vec4 v00000000026d40a0_0, 0, 32;
    %fork TD_add, S_00000000026e21d0;
    %join;
    %load/vec4  v00000000026d11c0_0;
    %store/vec4 v000000000275ccd0_0, 0, 32;
    %load/vec4 v000000000275abe0_0;
    %store/vec4 v000000000275c190_0, 0, 32;
    %pushi/vec4 2, 0, 3;
    %assign/vec4 v000000000275a3c0_0, 0;
T_4.9 ;
    %load/vec4 v000000000275abe0_0;
    %parti/s 1, 31, 6;
    %flag_set/vec4 8;
    %jmp/0xz  T_4.11, 8;
    %load/vec4 v000000000275be70_0;
    %pushi/vec4 12054, 0, 32;
    %store/vec4 v000000000275a0a0_0, 0, 32;
    %store/vec4 v000000000275a320_0, 0, 32;
    %fork TD_mult, S_00000000026d0ec0;
    %join;
    %load/vec4  v000000000275a960_0;
    %assign/vec4 v000000000275be70_0, 0;
    %jmp T_4.12;
T_4.11 ;
    %load/vec4 v000000000275be70_0;
    %pushi/vec4 89072, 0, 32;
    %store/vec4 v000000000275a0a0_0, 0, 32;
    %store/vec4 v000000000275a320_0, 0, 32;
    %fork TD_mult, S_00000000026d0ec0;
    %join;
    %load/vec4  v000000000275a960_0;
    %assign/vec4 v000000000275be70_0, 0;
T_4.12 ;
    %jmp T_4.4;
T_4.2 ;
    %load/vec4 v000000000275aa00_0;
    %addi 1, 0, 3;
    %assign/vec4 v000000000275aa00_0, 0;
    %load/vec4 v000000000275c190_0;
    %load/vec4 v000000000275abe0_0;
    %store/vec4 v000000000275a0a0_0, 0, 32;
    %store/vec4 v000000000275a320_0, 0, 32;
    %fork TD_mult, S_00000000026d0ec0;
    %join;
    %load/vec4  v000000000275a960_0;
    %store/vec4 v000000000275c190_0, 0, 32;
    %load/vec4 v000000000275c190_0;
    %pushi/vec4 4026531840, 0, 42;
    %concati/vec4 3221225472, 0, 34;
    %concati/vec4 3221225472, 0, 34;
    %concati/vec4 2147483648, 0, 33;
    %concati/vec4 2147483648, 0, 33;
    %concati/vec4 32768, 0, 16;
    %load/vec4 v000000000275aa00_0;
    %pad/u 32;
    %muli 32, 0, 32;
    %ix/vec4 4;
    %shiftr 4;
    %store/vec4 v0000000002759ce0_0, 0, 32;
    %store/vec4 v000000000275a8c0_0, 0, 32;
    %fork TD_div, S_00000000026e2350;
    %join;
    %load/vec4  v000000000275ab40_0;
    %store/vec4 v000000000275c5f0_0, 0, 32;
    %load/vec4 v000000000275ccd0_0;
    %load/vec4 v000000000275c5f0_0;
    %store/vec4 v00000000026e24d0_0, 0, 32;
    %store/vec4 v00000000026d40a0_0, 0, 32;
    %fork TD_add, S_00000000026e21d0;
    %join;
    %load/vec4  v00000000026d11c0_0;
    %store/vec4 v000000000275ccd0_0, 0, 32;
    %load/vec4 v000000000275aa00_0;
    %pad/u 32;
    %cmpi/e 5, 0, 32;
    %jmp/0xz  T_4.13, 4;
    %pushi/vec4 3, 0, 3;
    %assign/vec4 v000000000275a3c0_0, 0;
    %load/vec4 v000000000275be70_0;
    %load/vec4 v000000000275ccd0_0;
    %store/vec4 v000000000275a0a0_0, 0, 32;
    %store/vec4 v000000000275a320_0, 0, 32;
    %fork TD_mult, S_00000000026d0ec0;
    %join;
    %load/vec4  v000000000275a960_0;
    %assign/vec4 v000000000275be70_0, 0;
T_4.13 ;
    %jmp T_4.4;
T_4.3 ;
    %load/vec4 v000000000275a000_0;
    %flag_set/vec4 8;
    %jmp/0xz  T_4.15, 8;
    %pushi/vec4 0, 0, 3;
    %assign/vec4 v000000000275a3c0_0, 0;
T_4.15 ;
    %jmp T_4.4;
T_4.4 ;
    %pop/vec4 1;
    %jmp T_4;
    .thread T_4;
    .scope S_00000000026d1040;
T_5 ;
    %pushi/vec4 0, 0, 1;
    %store/vec4 v000000000275bdd0_0, 0, 1;
    %end;
    .thread T_5;
    .scope S_00000000026d1040;
T_6 ;
    %delay 5000, 0;
    %load/vec4 v000000000275bdd0_0;
    %inv;
    %assign/vec4 v000000000275bdd0_0, 0;
    %jmp T_6;
    .thread T_6;
    .scope S_00000000026d1040;
T_7 ;
    %pushi/vec4 2147483648, 0, 32;
    %assign/vec4 v000000000275bf10_0, 0;
    %pushi/vec4 1, 0, 1;
    %assign/vec4 v000000000275c0f0_0, 0;
    %pushi/vec4 1, 0, 1;
    %assign/vec4 v000000000275b970_0, 0;
    %end;
    .thread T_7;
    .scope S_00000000026d1040;
T_8 ;
    %wait E_00000000026f6880;
    %load/vec4 v000000000275c4b0_0;
    %flag_set/vec4 8;
    %jmp/0xz  T_8.0, 8;
    %pushi/vec4 163840, 0, 32;
    %load/vec4 v000000000275bf10_0;
    %parti/s 31, 0, 2;
    %pad/u 32;
    %cmp/u;
    %jmp/0xz  T_8.2, 5;
    %vpi_call/w 3 25 "$finish" {0 0 0};
T_8.2 ;
    %load/vec4 v000000000275bf10_0;
    %addi 2048, 0, 32;
    %assign/vec4 v000000000275bf10_0, 0;
    %pushi/real 1638422649, 4067; load=3.05180
    %pushi/real 1013344, 4045; load=3.05180
    %add/wr;
    %load/vec4 v000000000275bf10_0;
    %parti/s 15, 0, 2;
    %ix/vec4 4;
    %cvt/ru 4;
    %mul/wr;
    %vpi_call/w 3 27 "$display", "X: %d.%05d", &PV<v000000000275bf10_0, 15, 16>, W<0,r> {0 1 0};
T_8.0 ;
    %load/vec4 v000000000275c230_0;
    %flag_set/vec4 8;
    %jmp/0xz  T_8.4, 8;
    %pushi/real 1638422649, 4067; load=3.05180
    %pushi/real 1013344, 4045; load=3.05180
    %add/wr;
    %load/vec4 v000000000275d310_0;
    %parti/s 15, 0, 2;
    %ix/vec4 4;
    %cvt/ru 4;
    %mul/wr;
    %vpi_call/w 3 30 "$display", "Y: %d.%05d", &PV<v000000000275d310_0, 15, 16>, W<0,r> {0 1 0};
T_8.4 ;
    %jmp T_8;
    .thread T_8;
# The file index is used to find the file name in the following table.
:file_names 5;
    "N/A";
    "<interactive>";
    "./arith.vh";
    "new_exp_tb.v";
    "new_exp.v";
