#! c:/iverilog-x64/bin/vvp
:ivl_version "10.1 (stable)" "(v10_1_1)";
:ivl_delay_selection "TYPICAL";
:vpi_time_precision - 12;
:vpi_module "system";
:vpi_module "vhdl_sys";
:vpi_module "v2005_math";
:vpi_module "va_math";
:vpi_module "v2009";
S_000000000274cce0 .scope function, "add" "add" 2 43;
 .timescale 0 0;
v0000000002729ec0_0 .var "a", 31 0;
v0000000002729880_0 .var "add", 31 0;
v00000000027297e0_0 .var "b", 31 0;
TD_add ;
    %load/vec4 v0000000002729ec0_0;
    %parti/s 1, 31, 6;
    %load/vec4 v00000000027297e0_0;
    %parti/s 1, 31, 6;
    %cmp/e;
    %jmp/0xz  T_0.0, 4;
    %load/vec4 v0000000002729ec0_0;
    %parti/s 31, 0, 2;
    %load/vec4 v00000000027297e0_0;
    %parti/s 31, 0, 2;
    %add;
    %ix/load 4, 0, 0;
    %flag_set/imm 4, 0;
    %store/vec4 v0000000002729880_0, 4, 31;
    %load/vec4 v0000000002729ec0_0;
    %parti/s 1, 31, 6;
    %ix/load 4, 31, 0;
    %flag_set/imm 4, 0;
    %store/vec4 v0000000002729880_0, 4, 1;
    %jmp T_0.1;
T_0.0 ;
    %load/vec4 v0000000002729ec0_0;
    %parti/s 1, 31, 6;
    %pad/u 32;
    %pushi/vec4 0, 0, 32;
    %cmp/e;
    %flag_get/vec4 4;
    %load/vec4 v00000000027297e0_0;
    %parti/s 1, 31, 6;
    %pad/u 32;
    %pushi/vec4 1, 0, 32;
    %cmp/e;
    %flag_get/vec4 4;
    %and;
    %flag_set/vec4 8;
    %jmp/0xz  T_0.2, 8;
    %load/vec4 v00000000027297e0_0;
    %parti/s 31, 0, 2;
    %load/vec4 v0000000002729ec0_0;
    %parti/s 31, 0, 2;
    %cmp/u;
    %jmp/0xz  T_0.4, 5;
    %load/vec4 v0000000002729ec0_0;
    %parti/s 31, 0, 2;
    %load/vec4 v00000000027297e0_0;
    %parti/s 31, 0, 2;
    %sub;
    %ix/load 4, 0, 0;
    %flag_set/imm 4, 0;
    %store/vec4 v0000000002729880_0, 4, 31;
    %pushi/vec4 0, 0, 1;
    %ix/load 4, 31, 0;
    %flag_set/imm 4, 0;
    %store/vec4 v0000000002729880_0, 4, 1;
    %jmp T_0.5;
T_0.4 ;
    %load/vec4 v00000000027297e0_0;
    %parti/s 31, 0, 2;
    %load/vec4 v0000000002729ec0_0;
    %parti/s 31, 0, 2;
    %sub;
    %ix/load 4, 0, 0;
    %flag_set/imm 4, 0;
    %store/vec4 v0000000002729880_0, 4, 31;
    %load/vec4 v0000000002729880_0;
    %parti/s 31, 0, 2;
    %pad/u 32;
    %cmpi/e 0, 0, 32;
    %jmp/0xz  T_0.6, 4;
    %pushi/vec4 0, 0, 1;
    %ix/load 4, 31, 0;
    %flag_set/imm 4, 0;
    %store/vec4 v0000000002729880_0, 4, 1;
    %jmp T_0.7;
T_0.6 ;
    %pushi/vec4 1, 0, 1;
    %ix/load 4, 31, 0;
    %flag_set/imm 4, 0;
    %store/vec4 v0000000002729880_0, 4, 1;
T_0.7 ;
T_0.5 ;
    %jmp T_0.3;
T_0.2 ;
    %load/vec4 v00000000027297e0_0;
    %parti/s 31, 0, 2;
    %load/vec4 v0000000002729ec0_0;
    %parti/s 31, 0, 2;
    %cmp/u;
    %jmp/0xz  T_0.8, 5;
    %load/vec4 v0000000002729ec0_0;
    %parti/s 31, 0, 2;
    %load/vec4 v00000000027297e0_0;
    %parti/s 31, 0, 2;
    %sub;
    %ix/load 4, 0, 0;
    %flag_set/imm 4, 0;
    %store/vec4 v0000000002729880_0, 4, 31;
    %load/vec4 v0000000002729880_0;
    %parti/s 31, 0, 2;
    %pad/u 32;
    %cmpi/e 0, 0, 32;
    %jmp/0xz  T_0.10, 4;
    %pushi/vec4 0, 0, 1;
    %ix/load 4, 31, 0;
    %flag_set/imm 4, 0;
    %store/vec4 v0000000002729880_0, 4, 1;
    %jmp T_0.11;
T_0.10 ;
    %pushi/vec4 1, 0, 1;
    %ix/load 4, 31, 0;
    %flag_set/imm 4, 0;
    %store/vec4 v0000000002729880_0, 4, 1;
T_0.11 ;
    %jmp T_0.9;
T_0.8 ;
    %load/vec4 v00000000027297e0_0;
    %parti/s 31, 0, 2;
    %load/vec4 v0000000002729ec0_0;
    %parti/s 31, 0, 2;
    %sub;
    %ix/load 4, 0, 0;
    %flag_set/imm 4, 0;
    %store/vec4 v0000000002729880_0, 4, 31;
    %pushi/vec4 0, 0, 1;
    %ix/load 4, 31, 0;
    %flag_set/imm 4, 0;
    %store/vec4 v0000000002729880_0, 4, 1;
T_0.9 ;
T_0.3 ;
T_0.1 ;
    %end;
S_000000000271ca10 .scope function, "div" "div" 2 7;
 .timescale 0 0;
v00000000027296a0_0 .var "div", 31 0;
v0000000002729f60_0 .var "dividend", 31 0;
v00000000027299c0_0 .var "divisor", 31 0;
v0000000002729ba0_0 .var/i "i", 31 0;
v0000000002729c40_0 .var "scl_divd", 31 0;
v0000000002729ce0_0 .var "temp", 31 0;
TD_div ;
    %pushi/vec4 0, 0, 32;
    %store/vec4 v0000000002729ce0_0, 0, 32;
    %pushi/vec4 0, 0, 32;
    %store/vec4 v00000000027296a0_0, 0, 32;
    %load/vec4 v0000000002729f60_0;
    %ix/load 4, 15, 0;
    %flag_set/imm 4, 0;
    %shiftl 4;
    %store/vec4 v0000000002729c40_0, 0, 32;
    %pushi/vec4 0, 0, 32;
    %store/vec4 v0000000002729ba0_0, 0, 32;
T_1.12 ;
    %load/vec4 v0000000002729ba0_0;
    %cmpi/s 31, 0, 32;
    %jmp/0xz T_1.13, 5;
    %load/vec4 v0000000002729ce0_0;
    %ix/load 4, 1, 0;
    %flag_set/imm 4, 0;
    %shiftl 4;
    %store/vec4 v0000000002729ce0_0, 0, 32;
    %load/vec4 v0000000002729c40_0;
    %pushi/vec4 30, 0, 32;
    %load/vec4 v0000000002729ba0_0;
    %sub;
    %part/s 1;
    %ix/load 4, 0, 0;
    %flag_set/imm 4, 0;
    %store/vec4 v0000000002729ce0_0, 4, 1;
    %load/vec4 v00000000027296a0_0;
    %ix/load 4, 1, 0;
    %flag_set/imm 4, 0;
    %shiftl 4;
    %store/vec4 v00000000027296a0_0, 0, 32;
    %load/vec4 v0000000002729ce0_0;
    %load/vec4 v00000000027299c0_0;
    %sub;
    %store/vec4 v0000000002729ce0_0, 0, 32;
    %load/vec4 v0000000002729ce0_0;
    %parti/s 1, 31, 6;
    %pad/u 32;
    %cmpi/e 1, 0, 32;
    %jmp/0xz  T_1.14, 4;
    %pushi/vec4 0, 0, 1;
    %ix/load 4, 0, 0;
    %flag_set/imm 4, 0;
    %store/vec4 v00000000027296a0_0, 4, 1;
    %load/vec4 v0000000002729ce0_0;
    %load/vec4 v00000000027299c0_0;
    %add;
    %store/vec4 v0000000002729ce0_0, 0, 32;
    %jmp T_1.15;
T_1.14 ;
    %pushi/vec4 1, 0, 1;
    %ix/load 4, 0, 0;
    %flag_set/imm 4, 0;
    %store/vec4 v00000000027296a0_0, 4, 1;
T_1.15 ;
    %load/vec4 v0000000002729ba0_0;
    %addi 1, 0, 32;
    %store/vec4 v0000000002729ba0_0, 0, 32;
    %jmp T_1.12;
T_1.13 ;
    %load/vec4 v0000000002729f60_0;
    %parti/s 1, 31, 6;
    %load/vec4 v00000000027299c0_0;
    %parti/s 1, 31, 6;
    %xor;
    %ix/load 4, 31, 0;
    %flag_set/imm 4, 0;
    %store/vec4 v00000000027296a0_0, 4, 1;
    %end;
S_000000000271cb90 .scope function, "mult" "mult" 2 32;
 .timescale 0 0;
v000000000272a0a0_0 .var "i_multiplicand", 31 0;
v000000000272a140_0 .var "i_multiplier", 31 0;
v000000000272a1e0_0 .var "mult", 31 0;
v00000000027a7df0_0 .var "r_result", 63 0;
TD_mult ;
    %load/vec4 v000000000272a0a0_0;
    %parti/s 31, 0, 2;
    %pad/u 64;
    %load/vec4 v000000000272a140_0;
    %parti/s 31, 0, 2;
    %pad/u 64;
    %mul;
    %store/vec4 v00000000027a7df0_0, 0, 64;
    %load/vec4 v000000000272a140_0;
    %parti/s 1, 31, 6;
    %load/vec4 v000000000272a0a0_0;
    %parti/s 1, 31, 6;
    %xor;
    %ix/load 4, 31, 0;
    %flag_set/imm 4, 0;
    %store/vec4 v000000000272a1e0_0, 4, 1;
    %load/vec4 v00000000027a7df0_0;
    %parti/s 31, 15, 5;
    %ix/load 4, 0, 0;
    %flag_set/imm 4, 0;
    %store/vec4 v000000000272a1e0_0, 4, 31;
    %end;
S_00000000001d6480 .scope module, "softmax_tb" "softmax_tb" 3 3;
 .timescale -9 -12;
v00000000027a6b30_0 .var "clk", 0 0;
v00000000027aa2c0_0 .var "i_rdy", 0 0;
v00000000027a8e20_0 .var "i_valid", 0 0;
v00000000027a9e60_0 .net "o_rdy", 0 0, L_00000000027aa4a0;  1 drivers
v00000000027aa540_0 .net "o_valid", 0 0, L_00000000027a96e0;  1 drivers
v00000000027a9be0_0 .var "state", 0 0;
v00000000027a9780_0 .var "x", 31 0;
v00000000027aa040_0 .var "x_i", 3 0;
v00000000027a9a00_0 .net "y", 31 0, v00000000027a69f0_0;  1 drivers
v00000000027a9f00_0 .net "y_i", 3 0, v00000000027a6a90_0;  1 drivers
S_00000000027a8160 .scope module, "my_soft" "softmax" 3 16, 4 3 0, S_00000000001d6480;
 .timescale -9 -12;
    .port_info 0 /INPUT 1 "clk"
    .port_info 1 /INPUT 32 "x"
    .port_info 2 /INPUT 4 "x_i"
    .port_info 3 /INPUT 1 "i_valid"
    .port_info 4 /INPUT 1 "i_rdy"
    .port_info 5 /OUTPUT 32 "y"
    .port_info 6 /OUTPUT 4 "y_i"
    .port_info 7 /OUTPUT 1 "o_valid"
    .port_info 8 /OUTPUT 1 "o_rdy"
P_00000000027a82e0 .param/l "BP_COMP" 0 4 24, +C4<00000000000000000000000000000101>;
P_00000000027a8318 .param/l "BP_REC" 0 4 23, +C4<00000000000000000000000000000100>;
P_00000000027a8350 .param/l "BP_SEND" 0 4 25, +C4<00000000000000000000000000000110>;
P_00000000027a8388 .param/l "FW_DIV" 0 4 21, +C4<00000000000000000000000000000010>;
P_00000000027a83c0 .param/l "FW_EXP" 0 4 20, +C4<00000000000000000000000000000001>;
P_00000000027a83f8 .param/l "FW_REC" 0 4 19, +C4<00000000000000000000000000000000>;
P_00000000027a8430 .param/l "FW_SEND" 0 4 22, +C4<00000000000000000000000000000011>;
P_00000000027a8468 .param/l "IDX_WIDTH" 0 4 5, +C4<00000000000000000000000000000100>;
P_00000000027a84a0 .param/l "WIDTH" 0 4 4, +C4<00000000000000000000000000001010>;
v00000000027a7d50_0 .net *"_s0", 31 0, L_00000000027aa5e0;  1 drivers
L_00000000027b0238 .functor BUFT 1, C4<00000000000000000000000000000>, C4<0>, C4<0>, C4<0>;
v00000000027a7210_0 .net *"_s11", 28 0, L_00000000027b0238;  1 drivers
L_00000000027b0280 .functor BUFT 1, C4<00000000000000000000000000000011>, C4<0>, C4<0>, C4<0>;
v00000000027a6e50_0 .net/2u *"_s12", 31 0, L_00000000027b0280;  1 drivers
L_00000000027b01a8 .functor BUFT 1, C4<00000000000000000000000000000>, C4<0>, C4<0>, C4<0>;
v00000000027a7ad0_0 .net *"_s3", 28 0, L_00000000027b01a8;  1 drivers
L_00000000027b01f0 .functor BUFT 1, C4<00000000000000000000000000000000>, C4<0>, C4<0>, C4<0>;
v00000000027a6ef0_0 .net/2u *"_s4", 31 0, L_00000000027b01f0;  1 drivers
v00000000027a78f0_0 .net *"_s8", 31 0, L_00000000027aa360;  1 drivers
v00000000027a7670_0 .net "clk", 0 0, v00000000027a6b30_0;  1 drivers
v00000000027a72b0_0 .var "exp_i_rdy", 0 0;
v00000000027a6bd0_0 .var "exp_i_valid", 0 0;
v00000000027a6310_0 .net "exp_o_rdy", 0 0, L_00000000027a9fa0;  1 drivers
v00000000027a7b70_0 .net "exp_o_valid", 0 0, L_00000000027a8ec0;  1 drivers
v00000000027a66d0_0 .var "exp_sum", 31 0;
v00000000027a6f90_0 .var "exp_x", 31 0;
v00000000027a73f0_0 .net "exp_y", 31 0, v00000000027a7e90_0;  1 drivers
v00000000027a7030_0 .net "i_rdy", 0 0, v00000000027aa2c0_0;  1 drivers
v00000000027a6770_0 .net "i_valid", 0 0, v00000000027a8e20_0;  1 drivers
v00000000027a75d0_0 .var "idx", 3 0;
v00000000027a7f30_0 .var "max_input", 31 0;
v00000000027a6590_0 .net "o_rdy", 0 0, L_00000000027aa4a0;  alias, 1 drivers
v00000000027a6450_0 .net "o_valid", 0 0, L_00000000027a96e0;  alias, 1 drivers
v00000000027a6950_0 .var "state", 2 0;
v00000000027a7710_0 .var "temp", 31 0;
v00000000027a6130 .array "values", 0 9, 31 0;
v00000000027a61d0_0 .net "x", 31 0, v00000000027a9780_0;  1 drivers
v00000000027a6810_0 .net "x_i", 3 0, v00000000027aa040_0;  1 drivers
v00000000027a69f0_0 .var "y", 31 0;
v00000000027a6a90_0 .var "y_i", 3 0;
L_00000000027aa5e0 .concat [ 3 29 0 0], v00000000027a6950_0, L_00000000027b01a8;
L_00000000027aa4a0 .cmp/eq 32, L_00000000027aa5e0, L_00000000027b01f0;
L_00000000027aa360 .concat [ 3 29 0 0], v00000000027a6950_0, L_00000000027b0238;
L_00000000027a96e0 .cmp/eq 32, L_00000000027aa360, L_00000000027b0280;
S_00000000027a84e0 .scope module, "exp_module" "exp" 4 38, 5 3 0, S_00000000027a8160;
 .timescale -9 -12;
    .port_info 0 /INPUT 1 "clk"
    .port_info 1 /INPUT 32 "x"
    .port_info 2 /INPUT 1 "i_valid"
    .port_info 3 /INPUT 1 "i_rdy"
    .port_info 4 /OUTPUT 1 "o_valid"
    .port_info 5 /OUTPUT 1 "o_rdy"
    .port_info 6 /OUTPUT 32 "y"
P_00000000027a8660 .param/l "IDLE" 0 5 18, +C4<00000000000000000000000000000000>;
P_00000000027a8698 .param/l "INT_MULT" 0 5 19, +C4<00000000000000000000000000000001>;
P_00000000027a86d0 .param/l "OUT" 0 5 21, +C4<00000000000000000000000000000011>;
P_00000000027a8708 .param/l "T_MULT" 0 5 20, +C4<00000000000000000000000000000010>;
P_00000000027a8740 .param/l "e" 0 5 14, C4<00000000000000010101101111110000>;
P_00000000027a8778 .param/l "e_inv" 0 5 15, C4<00000000000000000010111100010110>;
P_00000000027a87b0 .param/l "fp_fact" 0 5 16, C4<000000000011110000000000000000000000000000001100000000000000000000000000000000110000000000000000000000000000000100000000000000000000000000000000100000000000000000000000000000001000000000000000>;
v00000000027a77b0_0 .net *"_s0", 31 0, L_00000000027a8f60;  1 drivers
L_00000000027b0118 .functor BUFT 1, C4<00000000000000000000000000000>, C4<0>, C4<0>, C4<0>;
v00000000027a6270_0 .net *"_s11", 28 0, L_00000000027b0118;  1 drivers
L_00000000027b0160 .functor BUFT 1, C4<00000000000000000000000000000011>, C4<0>, C4<0>, C4<0>;
v00000000027a7490_0 .net/2u *"_s12", 31 0, L_00000000027b0160;  1 drivers
L_00000000027b0088 .functor BUFT 1, C4<00000000000000000000000000000>, C4<0>, C4<0>, C4<0>;
v00000000027a6c70_0 .net *"_s3", 28 0, L_00000000027b0088;  1 drivers
L_00000000027b00d0 .functor BUFT 1, C4<00000000000000000000000000000000>, C4<0>, C4<0>, C4<0>;
v00000000027a7530_0 .net/2u *"_s4", 31 0, L_00000000027b00d0;  1 drivers
v00000000027a6db0_0 .net *"_s8", 31 0, L_00000000027a9d20;  1 drivers
v00000000027a7850_0 .net "clk", 0 0, v00000000027a6b30_0;  alias, 1 drivers
v00000000027a7350_0 .var "degree", 2 0;
v00000000027a6630_0 .var "frac", 31 0;
v00000000027a70d0_0 .net "i_rdy", 0 0, v00000000027a72b0_0;  1 drivers
v00000000027a7a30_0 .net "i_valid", 0 0, v00000000027a6bd0_0;  1 drivers
v00000000027a64f0_0 .var "int_mults", 15 0;
v00000000027a68b0_0 .net "o_rdy", 0 0, L_00000000027a9fa0;  alias, 1 drivers
v00000000027a7170_0 .net "o_valid", 0 0, L_00000000027a8ec0;  alias, 1 drivers
v00000000027a7cb0_0 .var "state", 2 0;
v00000000027a6d10_0 .var "t_approx", 31 0;
v00000000027a7c10_0 .var "t_exp", 31 0;
v00000000027a6090_0 .var "temp", 31 0;
v00000000027a63b0_0 .net "x", 31 0, v00000000027a6f90_0;  1 drivers
v00000000027a7e90_0 .var "y", 31 0;
E_000000000273d1b0 .event posedge, v00000000027a7850_0;
L_00000000027a8f60 .concat [ 3 29 0 0], v00000000027a7cb0_0, L_00000000027b0088;
L_00000000027a9fa0 .cmp/eq 32, L_00000000027a8f60, L_00000000027b00d0;
L_00000000027a9d20 .concat [ 3 29 0 0], v00000000027a7cb0_0, L_00000000027b0118;
L_00000000027a8ec0 .cmp/eq 32, L_00000000027a9d20, L_00000000027b0160;
    .scope S_00000000027a84e0;
T_3 ;
    %pushi/vec4 0, 0, 3;
    %store/vec4 v00000000027a7cb0_0, 0, 3;
    %end;
    .thread T_3;
    .scope S_00000000027a84e0;
T_4 ;
    %wait E_000000000273d1b0;
    %load/vec4 v00000000027a7cb0_0;
    %dup/vec4;
    %pushi/vec4 0, 0, 3;
    %cmp/u;
    %jmp/1 T_4.0, 6;
    %dup/vec4;
    %pushi/vec4 1, 0, 3;
    %cmp/u;
    %jmp/1 T_4.1, 6;
    %dup/vec4;
    %pushi/vec4 2, 0, 3;
    %cmp/u;
    %jmp/1 T_4.2, 6;
    %dup/vec4;
    %pushi/vec4 3, 0, 3;
    %cmp/u;
    %jmp/1 T_4.3, 6;
    %jmp T_4.4;
T_4.0 ;
    %load/vec4 v00000000027a7a30_0;
    %flag_set/vec4 8;
    %jmp/0xz  T_4.5, 8;
    %load/vec4 v00000000027a63b0_0;
    %parti/s 16, 15, 5;
    %assign/vec4 v00000000027a64f0_0, 0;
    %load/vec4 v00000000027a63b0_0;
    %parti/s 1, 31, 6;
    %concati/vec4 0, 0, 16;
    %load/vec4 v00000000027a63b0_0;
    %parti/s 15, 0, 2;
    %concat/vec4; draw_concat_vec4
    %assign/vec4 v00000000027a6630_0, 0;
    %pushi/vec4 32768, 0, 32;
    %assign/vec4 v00000000027a7e90_0, 0;
    %load/vec4 v00000000027a63b0_0;
    %parti/s 16, 15, 5;
    %pad/u 32;
    %cmpi/ne 0, 0, 32;
    %jmp/0xz  T_4.7, 4;
    %pushi/vec4 1, 0, 3;
    %assign/vec4 v00000000027a7cb0_0, 0;
    %jmp T_4.8;
T_4.7 ;
    %pushi/vec4 2, 0, 3;
    %assign/vec4 v00000000027a7350_0, 0;
    %pushi/vec4 32768, 0, 32;
    %load/vec4 v00000000027a63b0_0;
    %parti/s 1, 31, 6;
    %concati/vec4 0, 0, 16;
    %load/vec4 v00000000027a63b0_0;
    %parti/s 15, 0, 2;
    %concat/vec4; draw_concat_vec4
    %store/vec4 v00000000027297e0_0, 0, 32;
    %store/vec4 v0000000002729ec0_0, 0, 32;
    %fork TD_add, S_000000000274cce0;
    %join;
    %load/vec4  v0000000002729880_0;
    %assign/vec4 v00000000027a6d10_0, 0;
    %load/vec4 v00000000027a63b0_0;
    %parti/s 1, 31, 6;
    %concati/vec4 0, 0, 16;
    %load/vec4 v00000000027a63b0_0;
    %parti/s 15, 0, 2;
    %concat/vec4; draw_concat_vec4
    %assign/vec4 v00000000027a7c10_0, 0;
    %pushi/vec4 2, 0, 3;
    %assign/vec4 v00000000027a7cb0_0, 0;
T_4.8 ;
T_4.5 ;
    %jmp T_4.4;
T_4.1 ;
    %load/vec4 v00000000027a64f0_0;
    %subi 1, 0, 16;
    %assign/vec4 v00000000027a64f0_0, 0;
    %load/vec4 v00000000027a64f0_0;
    %pad/u 32;
    %cmpi/e 1, 0, 32;
    %jmp/0xz  T_4.9, 4;
    %pushi/vec4 2, 0, 3;
    %assign/vec4 v00000000027a7350_0, 0;
    %pushi/vec4 32768, 0, 32;
    %load/vec4 v00000000027a6630_0;
    %store/vec4 v00000000027297e0_0, 0, 32;
    %store/vec4 v0000000002729ec0_0, 0, 32;
    %fork TD_add, S_000000000274cce0;
    %join;
    %load/vec4  v0000000002729880_0;
    %store/vec4 v00000000027a6d10_0, 0, 32;
    %load/vec4 v00000000027a6630_0;
    %store/vec4 v00000000027a7c10_0, 0, 32;
    %pushi/vec4 2, 0, 3;
    %assign/vec4 v00000000027a7cb0_0, 0;
T_4.9 ;
    %load/vec4 v00000000027a6630_0;
    %parti/s 1, 31, 6;
    %flag_set/vec4 8;
    %jmp/0xz  T_4.11, 8;
    %load/vec4 v00000000027a7e90_0;
    %pushi/vec4 12054, 0, 32;
    %store/vec4 v000000000272a140_0, 0, 32;
    %store/vec4 v000000000272a0a0_0, 0, 32;
    %fork TD_mult, S_000000000271cb90;
    %join;
    %load/vec4  v000000000272a1e0_0;
    %assign/vec4 v00000000027a7e90_0, 0;
    %jmp T_4.12;
T_4.11 ;
    %load/vec4 v00000000027a7e90_0;
    %pushi/vec4 89072, 0, 32;
    %store/vec4 v000000000272a140_0, 0, 32;
    %store/vec4 v000000000272a0a0_0, 0, 32;
    %fork TD_mult, S_000000000271cb90;
    %join;
    %load/vec4  v000000000272a1e0_0;
    %assign/vec4 v00000000027a7e90_0, 0;
T_4.12 ;
    %jmp T_4.4;
T_4.2 ;
    %load/vec4 v00000000027a7350_0;
    %addi 1, 0, 3;
    %assign/vec4 v00000000027a7350_0, 0;
    %load/vec4 v00000000027a7c10_0;
    %load/vec4 v00000000027a6630_0;
    %store/vec4 v000000000272a140_0, 0, 32;
    %store/vec4 v000000000272a0a0_0, 0, 32;
    %fork TD_mult, S_000000000271cb90;
    %join;
    %load/vec4  v000000000272a1e0_0;
    %store/vec4 v00000000027a7c10_0, 0, 32;
    %load/vec4 v00000000027a7c10_0;
    %pushi/vec4 4026531840, 0, 42;
    %concati/vec4 3221225472, 0, 34;
    %concati/vec4 3221225472, 0, 34;
    %concati/vec4 2147483648, 0, 33;
    %concati/vec4 2147483648, 0, 33;
    %concati/vec4 32768, 0, 16;
    %load/vec4 v00000000027a7350_0;
    %pad/u 32;
    %muli 32, 0, 32;
    %ix/vec4 4;
    %shiftr 4;
    %store/vec4 v00000000027299c0_0, 0, 32;
    %store/vec4 v0000000002729f60_0, 0, 32;
    %fork TD_div, S_000000000271ca10;
    %join;
    %load/vec4  v00000000027296a0_0;
    %store/vec4 v00000000027a6090_0, 0, 32;
    %load/vec4 v00000000027a6d10_0;
    %load/vec4 v00000000027a6090_0;
    %store/vec4 v00000000027297e0_0, 0, 32;
    %store/vec4 v0000000002729ec0_0, 0, 32;
    %fork TD_add, S_000000000274cce0;
    %join;
    %load/vec4  v0000000002729880_0;
    %store/vec4 v00000000027a6d10_0, 0, 32;
    %load/vec4 v00000000027a7350_0;
    %pad/u 32;
    %cmpi/e 5, 0, 32;
    %jmp/0xz  T_4.13, 4;
    %pushi/vec4 3, 0, 3;
    %assign/vec4 v00000000027a7cb0_0, 0;
    %load/vec4 v00000000027a7e90_0;
    %load/vec4 v00000000027a6d10_0;
    %store/vec4 v000000000272a140_0, 0, 32;
    %store/vec4 v000000000272a0a0_0, 0, 32;
    %fork TD_mult, S_000000000271cb90;
    %join;
    %load/vec4  v000000000272a1e0_0;
    %assign/vec4 v00000000027a7e90_0, 0;
T_4.13 ;
    %jmp T_4.4;
T_4.3 ;
    %load/vec4 v00000000027a70d0_0;
    %flag_set/vec4 8;
    %jmp/0xz  T_4.15, 8;
    %pushi/vec4 0, 0, 3;
    %assign/vec4 v00000000027a7cb0_0, 0;
T_4.15 ;
    %jmp T_4.4;
T_4.4 ;
    %pop/vec4 1;
    %jmp T_4;
    .thread T_4;
    .scope S_00000000027a8160;
T_5 ;
    %pushi/vec4 0, 0, 32;
    %store/vec4 v00000000027a7f30_0, 0, 32;
    %end;
    .thread T_5;
    .scope S_00000000027a8160;
T_6 ;
    %pushi/vec4 0, 0, 32;
    %store/vec4 v00000000027a66d0_0, 0, 32;
    %end;
    .thread T_6;
    .scope S_00000000027a8160;
T_7 ;
    %pushi/vec4 0, 0, 3;
    %store/vec4 v00000000027a6950_0, 0, 3;
    %end;
    .thread T_7;
    .scope S_00000000027a8160;
T_8 ;
    %pushi/vec4 0, 0, 1;
    %store/vec4 v00000000027a72b0_0, 0, 1;
    %end;
    .thread T_8;
    .scope S_00000000027a8160;
T_9 ;
    %wait E_000000000273d1b0;
    %load/vec4 v00000000027a6950_0;
    %dup/vec4;
    %pushi/vec4 0, 0, 3;
    %cmp/u;
    %jmp/1 T_9.0, 6;
    %dup/vec4;
    %pushi/vec4 1, 0, 3;
    %cmp/u;
    %jmp/1 T_9.1, 6;
    %dup/vec4;
    %pushi/vec4 2, 0, 3;
    %cmp/u;
    %jmp/1 T_9.2, 6;
    %dup/vec4;
    %pushi/vec4 3, 0, 3;
    %cmp/u;
    %jmp/1 T_9.3, 6;
    %jmp T_9.4;
T_9.0 ;
    %load/vec4 v00000000027a6770_0;
    %flag_set/vec4 8;
    %jmp/0xz  T_9.5, 8;
    %load/vec4 v00000000027a61d0_0;
    %load/vec4 v00000000027a6810_0;
    %pad/u 5;
    %ix/vec4 3;
    %ix/load 4, 0, 0; Constant delay
    %assign/vec4/a/d v00000000027a6130, 0, 4;
    %load/vec4 v00000000027a61d0_0;
    %parti/s 1, 31, 6;
    %pad/u 32;
    %pushi/vec4 0, 0, 32;
    %cmp/e;
    %flag_get/vec4 4;
    %load/vec4 v00000000027a7f30_0;
    %load/vec4 v00000000027a61d0_0;
    %cmp/u;
    %flag_get/vec4 5;
    %and;
    %flag_set/vec4 8;
    %jmp/0xz  T_9.7, 8;
    %load/vec4 v00000000027a61d0_0;
    %assign/vec4 v00000000027a7f30_0, 0;
T_9.7 ;
    %load/vec4 v00000000027a6810_0;
    %pad/u 32;
    %cmpi/e 9, 0, 32;
    %jmp/0xz  T_9.9, 4;
    %pushi/vec4 1, 0, 3;
    %assign/vec4 v00000000027a6950_0, 0;
    %pushi/vec4 0, 0, 4;
    %assign/vec4 v00000000027a75d0_0, 0;
    %pushi/vec4 0, 0, 32;
    %assign/vec4 v00000000027a66d0_0, 0;
T_9.9 ;
T_9.5 ;
    %jmp T_9.4;
T_9.1 ;
    %load/vec4 v00000000027a7b70_0;
    %flag_set/vec4 8;
    %jmp/0xz  T_9.11, 8;
    %load/vec4 v00000000027a73f0_0;
    %load/vec4 v00000000027a75d0_0;
    %pad/u 5;
    %ix/vec4 3;
    %ix/load 4, 0, 0; Constant delay
    %assign/vec4/a/d v00000000027a6130, 0, 4;
    %load/vec4 v00000000027a66d0_0;
    %load/vec4 v00000000027a73f0_0;
    %store/vec4 v00000000027297e0_0, 0, 32;
    %store/vec4 v0000000002729ec0_0, 0, 32;
    %fork TD_add, S_000000000274cce0;
    %join;
    %load/vec4  v0000000002729880_0;
    %assign/vec4 v00000000027a66d0_0, 0;
    %pushi/vec4 0, 0, 1;
    %assign/vec4 v00000000027a72b0_0, 0;
    %load/vec4 v00000000027a75d0_0;
    %addi 1, 0, 4;
    %assign/vec4 v00000000027a75d0_0, 0;
    %load/vec4 v00000000027a75d0_0;
    %pad/u 32;
    %cmpi/e 9, 0, 32;
    %jmp/0xz  T_9.13, 4;
    %pushi/vec4 2, 0, 3;
    %assign/vec4 v00000000027a6950_0, 0;
    %pushi/vec4 0, 0, 4;
    %assign/vec4 v00000000027a75d0_0, 0;
T_9.13 ;
    %jmp T_9.12;
T_9.11 ;
    %load/vec4 v00000000027a72b0_0;
    %pad/u 32;
    %cmpi/e 0, 0, 32;
    %jmp/0xz  T_9.15, 4;
    %load/vec4 v00000000027a75d0_0;
    %pad/u 5;
    %ix/vec4 4;
    %load/vec4a v00000000027a6130, 4;
    %load/vec4 v00000000027a7f30_0;
    %parti/s 1, 31, 6;
    %inv;
    %load/vec4 v00000000027a7f30_0;
    %parti/s 31, 0, 2;
    %concat/vec4; draw_concat_vec4
    %store/vec4 v00000000027297e0_0, 0, 32;
    %store/vec4 v0000000002729ec0_0, 0, 32;
    %fork TD_add, S_000000000274cce0;
    %join;
    %load/vec4  v0000000002729880_0;
    %store/vec4 v00000000027a7710_0, 0, 32;
    %load/vec4 v00000000027a7710_0;
    %assign/vec4 v00000000027a6f90_0, 0;
    %pushi/vec4 1, 0, 1;
    %assign/vec4 v00000000027a6bd0_0, 0;
    %pushi/vec4 1, 0, 1;
    %assign/vec4 v00000000027a72b0_0, 0;
    %jmp T_9.16;
T_9.15 ;
    %load/vec4 v00000000027a6310_0;
    %flag_set/vec4 8;
    %jmp/0xz  T_9.17, 8;
    %pushi/vec4 0, 0, 1;
    %assign/vec4 v00000000027a6bd0_0, 0;
T_9.17 ;
T_9.16 ;
T_9.12 ;
    %jmp T_9.4;
T_9.2 ;
    %load/vec4 v00000000027a75d0_0;
    %pad/u 5;
    %ix/vec4 4;
    %load/vec4a v00000000027a6130, 4;
    %load/vec4 v00000000027a66d0_0;
    %store/vec4 v00000000027299c0_0, 0, 32;
    %store/vec4 v0000000002729f60_0, 0, 32;
    %fork TD_div, S_000000000271ca10;
    %join;
    %load/vec4  v00000000027296a0_0;
    %store/vec4 v00000000027a7710_0, 0, 32;
    %load/vec4 v00000000027a7710_0;
    %load/vec4 v00000000027a75d0_0;
    %pad/u 5;
    %ix/vec4 3;
    %ix/load 4, 0, 0; Constant delay
    %assign/vec4/a/d v00000000027a6130, 0, 4;
    %load/vec4 v00000000027a75d0_0;
    %pad/u 32;
    %cmpi/e 9, 0, 32;
    %jmp/0xz  T_9.19, 4;
    %ix/load 4, 0, 0;
    %flag_set/imm 4, 0;
    %load/vec4a v00000000027a6130, 4;
    %assign/vec4 v00000000027a69f0_0, 0;
    %pushi/vec4 0, 0, 4;
    %assign/vec4 v00000000027a6a90_0, 0;
    %pushi/vec4 3, 0, 3;
    %assign/vec4 v00000000027a6950_0, 0;
    %jmp T_9.20;
T_9.19 ;
    %load/vec4 v00000000027a75d0_0;
    %addi 1, 0, 4;
    %assign/vec4 v00000000027a75d0_0, 0;
T_9.20 ;
    %jmp T_9.4;
T_9.3 ;
    %load/vec4 v00000000027a7030_0;
    %flag_set/vec4 8;
    %jmp/0xz  T_9.21, 8;
    %load/vec4 v00000000027a6a90_0;
    %pad/u 32;
    %cmpi/e 9, 0, 32;
    %jmp/0xz  T_9.23, 4;
    %pushi/vec4 0, 0, 32;
    %assign/vec4 v00000000027a7f30_0, 0;
    %pushi/vec4 0, 0, 3;
    %assign/vec4 v00000000027a6950_0, 0;
    %jmp T_9.24;
T_9.23 ;
    %load/vec4 v00000000027a6a90_0;
    %pad/u 33;
    %addi 1, 0, 33;
    %ix/vec4 4;
    %load/vec4a v00000000027a6130, 4;
    %assign/vec4 v00000000027a69f0_0, 0;
    %load/vec4 v00000000027a6a90_0;
    %addi 1, 0, 4;
    %assign/vec4 v00000000027a6a90_0, 0;
T_9.24 ;
T_9.21 ;
    %jmp T_9.4;
T_9.4 ;
    %pop/vec4 1;
    %jmp T_9;
    .thread T_9;
    .scope S_00000000001d6480;
T_10 ;
    %pushi/vec4 0, 0, 1;
    %store/vec4 v00000000027a6b30_0, 0, 1;
    %end;
    .thread T_10;
    .scope S_00000000001d6480;
T_11 ;
    %delay 5000, 0;
    %load/vec4 v00000000027a6b30_0;
    %inv;
    %store/vec4 v00000000027a6b30_0, 0, 1;
    %jmp T_11;
    .thread T_11;
    .scope S_00000000001d6480;
T_12 ;
    %pushi/vec4 0, 0, 32;
    %store/vec4 v00000000027a9780_0, 0, 32;
    %end;
    .thread T_12;
    .scope S_00000000001d6480;
T_13 ;
    %pushi/vec4 0, 0, 4;
    %store/vec4 v00000000027aa040_0, 0, 4;
    %end;
    .thread T_13;
    .scope S_00000000001d6480;
T_14 ;
    %pushi/vec4 0, 0, 1;
    %store/vec4 v00000000027a9be0_0, 0, 1;
    %end;
    .thread T_14;
    .scope S_00000000001d6480;
T_15 ;
    %pushi/vec4 1, 0, 1;
    %store/vec4 v00000000027a8e20_0, 0, 1;
    %pushi/vec4 1, 0, 1;
    %store/vec4 v00000000027aa2c0_0, 0, 1;
    %end;
    .thread T_15;
    .scope S_00000000001d6480;
T_16 ;
    %wait E_000000000273d1b0;
    %load/vec4 v00000000027a9be0_0;
    %pad/u 32;
    %cmpi/e 0, 0, 32;
    %jmp/0xz  T_16.0, 4;
    %load/vec4 v00000000027a9e60_0;
    %flag_set/vec4 8;
    %jmp/0xz  T_16.2, 8;
    %vpi_call/w 3 28 "$display", "Input (%d)", v00000000027aa040_0 {0 0 0};
    %load/vec4 v00000000027aa040_0;
    %pad/u 32;
    %cmpi/e 9, 0, 32;
    %jmp/0xz  T_16.4, 4;
    %pushi/vec4 1, 0, 1;
    %assign/vec4 v00000000027a9be0_0, 0;
    %jmp T_16.5;
T_16.4 ;
    %load/vec4 v00000000027a9780_0;
    %addi 16384, 0, 32;
    %assign/vec4 v00000000027a9780_0, 0;
    %load/vec4 v00000000027aa040_0;
    %addi 1, 0, 4;
    %assign/vec4 v00000000027aa040_0, 0;
T_16.5 ;
T_16.2 ;
    %jmp T_16.1;
T_16.0 ;
    %load/vec4 v00000000027aa540_0;
    %flag_set/vec4 8;
    %jmp/0xz  T_16.6, 8;
    %pushi/real 1638422649, 4067; load=3.05180
    %pushi/real 1013344, 4045; load=3.05180
    %add/wr;
    %load/vec4 v00000000027a9a00_0;
    %parti/s 15, 0, 2;
    %ix/vec4 4;
    %cvt/ru 4;
    %mul/wr;
    %vpi_call/w 3 38 "$display", "Output (%d): %d.%05d", v00000000027a9f00_0, &PV<v00000000027a9a00_0, 15, 16>, W<0,r> {0 1 0};
    %load/vec4 v00000000027a9f00_0;
    %pad/u 32;
    %cmpi/e 9, 0, 32;
    %jmp/0xz  T_16.8, 4;
    %pushi/vec4 0, 0, 1;
    %assign/vec4 v00000000027a9be0_0, 0;
    %pushi/vec4 0, 0, 4;
    %assign/vec4 v00000000027aa040_0, 0;
T_16.8 ;
T_16.6 ;
T_16.1 ;
    %jmp T_16;
    .thread T_16;
# The file index is used to find the file name in the following table.
:file_names 6;
    "N/A";
    "<interactive>";
    "./arith.vh";
    "softmax_tb.v";
    "softmax.v";
    "exp.v";
